{"/home/andrew/projects/GraduationProject/src/components/UI/Button/button.module.scss": {"path":"/home/andrew/projects/GraduationProject/src/components/UI/Button/button.module.scss","statementMap":{},"fnMap":{},"branchMap":{},"s":{},"f":{},"b":{},"meta":{"lastBranch":0,"lastFunction":0,"lastStatement":0,"seen":{}}}
,"/home/andrew/projects/GraduationProject/src/components/UI/Button/index.tsx": {"path":"/home/andrew/projects/GraduationProject/src/components/UI/Button/index.tsx","statementMap":{"0":{"start":{"line":12,"column":32},"end":{"line":21,"column":null}},"1":{"start":{"line":14,"column":30},"end":{"line":14,"column":null}},"2":{"start":{"line":16,"column":4},"end":{"line":19,"column":null}}},"fnMap":{"0":{"name":"(anonymous_0)","decl":{"start":{"line":12,"column":32},"end":{"line":12,"column":33}},"loc":{"start":{"line":12,"column":92},"end":{"line":21,"column":null}},"line":12}},"branchMap":{"0":{"loc":{"start":{"line":12,"column":35},"end":{"line":12,"column":51}},"type":"default-arg","locations":[{"start":{"line":12,"column":47},"end":{"line":12,"column":51}}],"line":12},"1":{"loc":{"start":{"line":12,"column":51},"end":{"line":12,"column":68}},"type":"default-arg","locations":[{"start":{"line":12,"column":58},"end":{"line":12,"column":68}}],"line":12}},"s":{"0":2,"1":11,"2":11},"f":{"0":11},"b":{"0":[11],"1":[11]},"meta":{"lastBranch":2,"lastFunction":1,"lastStatement":3,"seen":{"s:12:32:21:Infinity":0,"f:12:32:12:33":0,"b:12:47:12:51":0,"b:12:58:12:68":1,"s:14:30:14:Infinity":1,"s:16:4:19:Infinity":2}}}
,"/home/andrew/projects/GraduationProject/src/components/UI/ErrorMessage/errorMessage.module.scss": {"path":"/home/andrew/projects/GraduationProject/src/components/UI/ErrorMessage/errorMessage.module.scss","statementMap":{},"fnMap":{},"branchMap":{},"s":{},"f":{},"b":{},"meta":{"lastBranch":0,"lastFunction":0,"lastStatement":0,"seen":{}}}
,"/home/andrew/projects/GraduationProject/src/components/UI/ErrorMessage/index.tsx": {"path":"/home/andrew/projects/GraduationProject/src/components/UI/ErrorMessage/index.tsx","statementMap":{"0":{"start":{"line":13,"column":57},"end":{"line":21,"column":null}},"1":{"start":{"line":14,"column":10},"end":{"line":14,"column":null}},"2":{"start":{"line":16,"column":4},"end":{"line":19,"column":null}}},"fnMap":{"0":{"name":"(anonymous_0)","decl":{"start":{"line":13,"column":57},"end":{"line":13,"column":58}},"loc":{"start":{"line":13,"column":90},"end":{"line":21,"column":null}},"line":13}},"branchMap":{"0":{"loc":{"start":{"line":13,"column":69},"end":{"line":13,"column":84}},"type":"default-arg","locations":[{"start":{"line":13,"column":81},"end":{"line":13,"column":84}}],"line":13}},"s":{"0":1,"1":4,"2":4},"f":{"0":4},"b":{"0":[4]},"meta":{"lastBranch":1,"lastFunction":1,"lastStatement":3,"seen":{"s:13:57:21:Infinity":0,"f:13:57:13:58":0,"b:13:81:13:84":0,"s:14:10:14:Infinity":1,"s:16:4:19:Infinity":2}}}
,"/home/andrew/projects/GraduationProject/src/components/UI/Icon/icon.component.tsx": {"path":"/home/andrew/projects/GraduationProject/src/components/UI/Icon/icon.component.tsx","statementMap":{"0":{"start":{"line":8,"column":20},"end":{"line":60,"column":null}},"1":{"start":{"line":9,"column":10},"end":{"line":9,"column":null}},"2":{"start":{"line":10,"column":24},"end":{"line":10,"column":null}},"3":{"start":{"line":11,"column":10},"end":{"line":11,"column":null}},"4":{"start":{"line":11,"column":53},"end":{"line":11,"column":71}},"5":{"start":{"line":12,"column":10},"end":{"line":12,"column":null}},"6":{"start":{"line":12,"column":62},"end":{"line":12,"column":84}},"7":{"start":{"line":14,"column":4},"end":{"line":20,"column":null}},"8":{"start":{"line":15,"column":8},"end":{"line":15,"column":null}},"9":{"start":{"line":16,"column":4},"end":{"line":20,"column":null}},"10":{"start":{"line":17,"column":8},"end":{"line":17,"column":null}},"11":{"start":{"line":19,"column":8},"end":{"line":19,"column":null}},"12":{"start":{"line":23,"column":4},"end":{"line":27,"column":null}},"13":{"start":{"line":24,"column":8},"end":{"line":24,"column":null}},"14":{"start":{"line":26,"column":8},"end":{"line":26,"column":null}},"15":{"start":{"line":29,"column":4},"end":{"line":58,"column":null}},"16":{"start":{"line":64,"column":20},"end":{"line":70,"column":null}},"17":{"start":{"line":65,"column":4},"end":{"line":70,"column":null}},"18":{"start":{"line":73,"column":22},"end":{"line":82,"column":null}},"19":{"start":{"line":74,"column":4},"end":{"line":79,"column":null}},"20":{"start":{"line":84,"column":25},"end":{"line":92,"column":null}},"21":{"start":{"line":85,"column":4},"end":{"line":90,"column":null}},"22":{"start":{"line":94,"column":24},"end":{"line":102,"column":null}},"23":{"start":{"line":95,"column":4},"end":{"line":100,"column":null}},"24":{"start":{"line":104,"column":24},"end":{"line":112,"column":null}},"25":{"start":{"line":105,"column":4},"end":{"line":110,"column":null}},"26":{"start":{"line":114,"column":27},"end":{"line":122,"column":null}},"27":{"start":{"line":115,"column":4},"end":{"line":120,"column":null}},"28":{"start":{"line":124,"column":25},"end":{"line":132,"column":null}},"29":{"start":{"line":125,"column":4},"end":{"line":130,"column":null}},"30":{"start":{"line":134,"column":24},"end":{"line":142,"column":null}},"31":{"start":{"line":135,"column":4},"end":{"line":140,"column":null}},"32":{"start":{"line":148,"column":59},"end":{"line":156,"column":null}},"33":{"start":{"line":149,"column":4},"end":{"line":154,"column":null}},"34":{"start":{"line":158,"column":25},"end":{"line":166,"column":null}},"35":{"start":{"line":159,"column":4},"end":{"line":164,"column":null}},"36":{"start":{"line":168,"column":25},"end":{"line":177,"column":null}},"37":{"start":{"line":169,"column":4},"end":{"line":175,"column":null}},"38":{"start":{"line":179,"column":25},"end":{"line":187,"column":null}},"39":{"start":{"line":180,"column":4},"end":{"line":185,"column":null}},"40":{"start":{"line":189,"column":26},"end":{"line":197,"column":null}},"41":{"start":{"line":190,"column":4},"end":{"line":195,"column":null}},"42":{"start":{"line":205,"column":57},"end":{"line":213,"column":null}},"43":{"start":{"line":206,"column":4},"end":{"line":211,"column":null}},"44":{"start":{"line":215,"column":54},"end":{"line":226,"column":null}},"45":{"start":{"line":216,"column":4},"end":{"line":224,"column":null}},"46":{"start":{"line":233,"column":51},"end":{"line":244,"column":null}},"47":{"start":{"line":234,"column":4},"end":{"line":242,"column":null}}},"fnMap":{"0":{"name":"(anonymous_0)","decl":{"start":{"line":8,"column":20},"end":{"line":8,"column":21}},"loc":{"start":{"line":8,"column":58},"end":{"line":60,"column":null}},"line":8},"1":{"name":"(anonymous_1)","decl":{"start":{"line":11,"column":31},"end":{"line":11,"column":32}},"loc":{"start":{"line":11,"column":53},"end":{"line":11,"column":71}},"line":11},"2":{"name":"(anonymous_2)","decl":{"start":{"line":12,"column":40},"end":{"line":12,"column":41}},"loc":{"start":{"line":12,"column":62},"end":{"line":12,"column":84}},"line":12},"3":{"name":"(anonymous_3)","decl":{"start":{"line":64,"column":20},"end":{"line":64,"column":null}},"loc":{"start":{"line":65,"column":4},"end":{"line":70,"column":null}},"line":65},"4":{"name":"(anonymous_4)","decl":{"start":{"line":73,"column":22},"end":{"line":73,"column":28}},"loc":{"start":{"line":73,"column":28},"end":{"line":82,"column":null}},"line":73},"5":{"name":"(anonymous_5)","decl":{"start":{"line":84,"column":25},"end":{"line":84,"column":31}},"loc":{"start":{"line":84,"column":31},"end":{"line":92,"column":null}},"line":84},"6":{"name":"(anonymous_6)","decl":{"start":{"line":94,"column":24},"end":{"line":94,"column":30}},"loc":{"start":{"line":94,"column":30},"end":{"line":102,"column":null}},"line":94},"7":{"name":"(anonymous_7)","decl":{"start":{"line":104,"column":24},"end":{"line":104,"column":30}},"loc":{"start":{"line":104,"column":30},"end":{"line":112,"column":null}},"line":104},"8":{"name":"(anonymous_8)","decl":{"start":{"line":114,"column":27},"end":{"line":114,"column":33}},"loc":{"start":{"line":114,"column":33},"end":{"line":122,"column":null}},"line":114},"9":{"name":"(anonymous_9)","decl":{"start":{"line":124,"column":25},"end":{"line":124,"column":27}},"loc":{"start":{"line":124,"column":44},"end":{"line":132,"column":null}},"line":124},"10":{"name":"(anonymous_10)","decl":{"start":{"line":134,"column":24},"end":{"line":134,"column":26}},"loc":{"start":{"line":134,"column":43},"end":{"line":142,"column":null}},"line":134},"11":{"name":"(anonymous_11)","decl":{"start":{"line":148,"column":59},"end":{"line":148,"column":60}},"loc":{"start":{"line":148,"column":77},"end":{"line":156,"column":null}},"line":148},"12":{"name":"(anonymous_12)","decl":{"start":{"line":158,"column":25},"end":{"line":158,"column":31}},"loc":{"start":{"line":158,"column":31},"end":{"line":166,"column":null}},"line":158},"13":{"name":"(anonymous_13)","decl":{"start":{"line":168,"column":25},"end":{"line":168,"column":31}},"loc":{"start":{"line":168,"column":31},"end":{"line":177,"column":null}},"line":168},"14":{"name":"(anonymous_14)","decl":{"start":{"line":179,"column":25},"end":{"line":179,"column":31}},"loc":{"start":{"line":179,"column":31},"end":{"line":187,"column":null}},"line":179},"15":{"name":"(anonymous_15)","decl":{"start":{"line":189,"column":26},"end":{"line":189,"column":32}},"loc":{"start":{"line":189,"column":32},"end":{"line":197,"column":null}},"line":189},"16":{"name":"(anonymous_16)","decl":{"start":{"line":205,"column":57},"end":{"line":205,"column":58}},"loc":{"start":{"line":205,"column":103},"end":{"line":213,"column":null}},"line":205},"17":{"name":"(anonymous_17)","decl":{"start":{"line":215,"column":54},"end":{"line":215,"column":60}},"loc":{"start":{"line":215,"column":60},"end":{"line":226,"column":null}},"line":215},"18":{"name":"(anonymous_18)","decl":{"start":{"line":233,"column":51},"end":{"line":233,"column":52}},"loc":{"start":{"line":233,"column":79},"end":{"line":244,"column":null}},"line":233}},"branchMap":{"0":{"loc":{"start":{"line":8,"column":23},"end":{"line":8,"column":38}},"type":"default-arg","locations":[{"start":{"line":8,"column":31},"end":{"line":8,"column":38}}],"line":8},"1":{"loc":{"start":{"line":8,"column":38},"end":{"line":8,"column":52}},"type":"default-arg","locations":[{"start":{"line":8,"column":47},"end":{"line":8,"column":52}}],"line":8},"2":{"loc":{"start":{"line":14,"column":4},"end":{"line":20,"column":null}},"type":"if","locations":[{"start":{"line":14,"column":4},"end":{"line":20,"column":null}},{"start":{"line":16,"column":4},"end":{"line":20,"column":null}}],"line":14},"3":{"loc":{"start":{"line":14,"column":8},"end":{"line":14,"column":97}},"type":"binary-expr","locations":[{"start":{"line":14,"column":8},"end":{"line":14,"column":37}},{"start":{"line":14,"column":37},"end":{"line":14,"column":68}},{"start":{"line":14,"column":68},"end":{"line":14,"column":97}}],"line":14},"4":{"loc":{"start":{"line":16,"column":4},"end":{"line":20,"column":null}},"type":"if","locations":[{"start":{"line":16,"column":4},"end":{"line":20,"column":null}},{"start":{"line":18,"column":11},"end":{"line":20,"column":null}}],"line":16},"5":{"loc":{"start":{"line":23,"column":4},"end":{"line":27,"column":null}},"type":"if","locations":[{"start":{"line":23,"column":4},"end":{"line":27,"column":null}},{"start":{"line":25,"column":11},"end":{"line":27,"column":null}}],"line":23},"6":{"loc":{"start":{"line":47,"column":26},"end":{"line":47,"column":null}},"type":"cond-expr","locations":[{"start":{"line":47,"column":35},"end":{"line":47,"column":44}},{"start":{"line":47,"column":44},"end":{"line":47,"column":null}}],"line":47},"7":{"loc":{"start":{"line":51,"column":26},"end":{"line":51,"column":null}},"type":"cond-expr","locations":[{"start":{"line":51,"column":35},"end":{"line":51,"column":44}},{"start":{"line":51,"column":44},"end":{"line":51,"column":null}}],"line":51},"8":{"loc":{"start":{"line":55,"column":26},"end":{"line":55,"column":null}},"type":"cond-expr","locations":[{"start":{"line":55,"column":35},"end":{"line":55,"column":44}},{"start":{"line":55,"column":44},"end":{"line":55,"column":null}}],"line":55},"9":{"loc":{"start":{"line":153,"column":22},"end":{"line":153,"column":55}},"type":"cond-expr","locations":[{"start":{"line":153,"column":33},"end":{"line":153,"column":45}},{"start":{"line":153,"column":45},"end":{"line":153,"column":55}}],"line":153},"10":{"loc":{"start":{"line":205,"column":60},"end":{"line":205,"column":74}},"type":"default-arg","locations":[{"start":{"line":205,"column":68},"end":{"line":205,"column":74}}],"line":205},"11":{"loc":{"start":{"line":205,"column":74},"end":{"line":205,"column":89}},"type":"default-arg","locations":[{"start":{"line":205,"column":83},"end":{"line":205,"column":89}}],"line":205}},"s":{"0":2,"1":0,"2":0,"3":0,"4":0,"5":0,"6":0,"7":0,"8":0,"9":0,"10":0,"11":0,"12":0,"13":0,"14":0,"15":0,"16":2,"17":0,"18":2,"19":0,"20":2,"21":0,"22":2,"23":0,"24":2,"25":0,"26":2,"27":0,"28":2,"29":0,"30":2,"31":9,"32":2,"33":9,"34":2,"35":0,"36":2,"37":0,"38":2,"39":0,"40":2,"41":0,"42":2,"43":5,"44":2,"45":0,"46":2,"47":0},"f":{"0":0,"1":0,"2":0,"3":0,"4":0,"5":0,"6":0,"7":0,"8":0,"9":0,"10":9,"11":9,"12":0,"13":0,"14":0,"15":0,"16":5,"17":0,"18":0},"b":{"0":[0],"1":[0],"2":[0,0],"3":[0,0,0],"4":[0,0],"5":[0,0],"6":[0,0],"7":[0,0],"8":[0,0],"9":[0,9],"10":[5],"11":[5]},"meta":{"lastBranch":12,"lastFunction":19,"lastStatement":48,"seen":{"s:8:20:60:Infinity":0,"f:8:20:8:21":0,"b:8:31:8:38":0,"b:8:47:8:52":1,"s:9:10:9:Infinity":1,"s:10:24:10:Infinity":2,"s:11:10:11:Infinity":3,"f:11:31:11:32":1,"s:11:53:11:71":4,"s:12:10:12:Infinity":5,"f:12:40:12:41":2,"s:12:62:12:84":6,"b:14:4:20:Infinity:16:4:20:Infinity":2,"s:14:4:20:Infinity":7,"b:14:8:14:37:14:37:14:68:14:68:14:97":3,"s:15:8:15:Infinity":8,"b:16:4:20:Infinity:18:11:20:Infinity":4,"s:16:4:20:Infinity":9,"s:17:8:17:Infinity":10,"s:19:8:19:Infinity":11,"b:23:4:27:Infinity:25:11:27:Infinity":5,"s:23:4:27:Infinity":12,"s:24:8:24:Infinity":13,"s:26:8:26:Infinity":14,"s:29:4:58:Infinity":15,"b:47:35:47:44:47:44:47:Infinity":6,"b:51:35:51:44:51:44:51:Infinity":7,"b:55:35:55:44:55:44:55:Infinity":8,"s:64:20:70:Infinity":16,"f:64:20:64:Infinity":3,"s:65:4:70:Infinity":17,"s:73:22:82:Infinity":18,"f:73:22:73:28":4,"s:74:4:79:Infinity":19,"s:84:25:92:Infinity":20,"f:84:25:84:31":5,"s:85:4:90:Infinity":21,"s:94:24:102:Infinity":22,"f:94:24:94:30":6,"s:95:4:100:Infinity":23,"s:104:24:112:Infinity":24,"f:104:24:104:30":7,"s:105:4:110:Infinity":25,"s:114:27:122:Infinity":26,"f:114:27:114:33":8,"s:115:4:120:Infinity":27,"s:124:25:132:Infinity":28,"f:124:25:124:27":9,"s:125:4:130:Infinity":29,"s:134:24:142:Infinity":30,"f:134:24:134:26":10,"s:135:4:140:Infinity":31,"s:148:59:156:Infinity":32,"f:148:59:148:60":11,"s:149:4:154:Infinity":33,"b:153:33:153:45:153:45:153:55":9,"s:158:25:166:Infinity":34,"f:158:25:158:31":12,"s:159:4:164:Infinity":35,"s:168:25:177:Infinity":36,"f:168:25:168:31":13,"s:169:4:175:Infinity":37,"s:179:25:187:Infinity":38,"f:179:25:179:31":14,"s:180:4:185:Infinity":39,"s:189:26:197:Infinity":40,"f:189:26:189:32":15,"s:190:4:195:Infinity":41,"s:205:57:213:Infinity":42,"f:205:57:205:58":16,"b:205:68:205:74":10,"b:205:83:205:89":11,"s:206:4:211:Infinity":43,"s:215:54:226:Infinity":44,"f:215:54:215:60":17,"s:216:4:224:Infinity":45,"s:233:51:244:Infinity":46,"f:233:51:233:52":18,"s:234:4:242:Infinity":47}}}
,"/home/andrew/projects/GraduationProject/src/components/UI/Icon/icon.module.scss": {"path":"/home/andrew/projects/GraduationProject/src/components/UI/Icon/icon.module.scss","statementMap":{},"fnMap":{},"branchMap":{},"s":{},"f":{},"b":{},"meta":{"lastBranch":0,"lastFunction":0,"lastStatement":0,"seen":{}}}
,"/home/andrew/projects/GraduationProject/src/components/UI/LazyImage/index.tsx": {"path":"/home/andrew/projects/GraduationProject/src/components/UI/LazyImage/index.tsx","statementMap":{"0":{"start":{"line":14,"column":51},"end":{"line":67,"column":null}},"1":{"start":{"line":20,"column":32},"end":{"line":20,"column":null}},"2":{"start":{"line":21,"column":32},"end":{"line":21,"column":null}},"3":{"start":{"line":22,"column":10},"end":{"line":22,"column":null}},"4":{"start":{"line":24,"column":4},"end":{"line":47,"column":null}},"5":{"start":{"line":25,"column":8},"end":{"line":25,"column":null}},"6":{"start":{"line":25,"column":29},"end":{"line":25,"column":null}},"7":{"start":{"line":27,"column":25},"end":{"line":40,"column":null}},"8":{"start":{"line":29,"column":16},"end":{"line":34,"column":null}},"9":{"start":{"line":30,"column":20},"end":{"line":33,"column":null}},"10":{"start":{"line":31,"column":24},"end":{"line":31,"column":null}},"11":{"start":{"line":32,"column":24},"end":{"line":32,"column":null}},"12":{"start":{"line":42,"column":8},"end":{"line":42,"column":null}},"13":{"start":{"line":44,"column":8},"end":{"line":46,"column":null}},"14":{"start":{"line":45,"column":12},"end":{"line":45,"column":null}},"15":{"start":{"line":49,"column":23},"end":{"line":51,"column":null}},"16":{"start":{"line":50,"column":8},"end":{"line":50,"column":null}},"17":{"start":{"line":53,"column":4},"end":{"line":65,"column":null}}},"fnMap":{"0":{"name":"(anonymous_0)","decl":{"start":{"line":14,"column":51},"end":{"line":14,"column":52}},"loc":{"start":{"line":19,"column":6},"end":{"line":67,"column":null}},"line":19},"1":{"name":"(anonymous_1)","decl":{"start":{"line":24,"column":14},"end":{"line":24,"column":20}},"loc":{"start":{"line":24,"column":20},"end":{"line":47,"column":7}},"line":24},"2":{"name":"(anonymous_2)","decl":{"start":{"line":28,"column":12},"end":{"line":28,"column":13}},"loc":{"start":{"line":28,"column":25},"end":{"line":35,"column":null}},"line":28},"3":{"name":"(anonymous_3)","decl":{"start":{"line":29,"column":32},"end":{"line":29,"column":33}},"loc":{"start":{"line":29,"column":43},"end":{"line":34,"column":17}},"line":29},"4":{"name":"(anonymous_4)","decl":{"start":{"line":44,"column":15},"end":{"line":44,"column":21}},"loc":{"start":{"line":44,"column":21},"end":{"line":46,"column":null}},"line":44},"5":{"name":"(anonymous_5)","decl":{"start":{"line":49,"column":23},"end":{"line":49,"column":29}},"loc":{"start":{"line":49,"column":29},"end":{"line":51,"column":null}},"line":49}},"branchMap":{"0":{"loc":{"start":{"line":17,"column":4},"end":{"line":17,"column":null}},"type":"default-arg","locations":[{"start":{"line":17,"column":16},"end":{"line":17,"column":null}}],"line":17},"1":{"loc":{"start":{"line":18,"column":4},"end":{"line":18,"column":null}},"type":"default-arg","locations":[{"start":{"line":18,"column":18},"end":{"line":18,"column":null}}],"line":18},"2":{"loc":{"start":{"line":25,"column":8},"end":{"line":25,"column":null}},"type":"if","locations":[{"start":{"line":25,"column":8},"end":{"line":25,"column":null}},{"start":{},"end":{}}],"line":25},"3":{"loc":{"start":{"line":30,"column":20},"end":{"line":33,"column":null}},"type":"if","locations":[{"start":{"line":30,"column":20},"end":{"line":33,"column":null}},{"start":{},"end":{}}],"line":30},"4":{"loc":{"start":{"line":62,"column":25},"end":{"line":62,"column":null}},"type":"cond-expr","locations":[{"start":{"line":62,"column":36},"end":{"line":62,"column":40}},{"start":{"line":62,"column":40},"end":{"line":62,"column":null}}],"line":62}},"s":{"0":1,"1":9,"2":9,"3":9,"4":9,"5":9,"6":0,"7":9,"8":0,"9":0,"10":0,"11":0,"12":9,"13":9,"14":9,"15":9,"16":0,"17":9},"f":{"0":9,"1":9,"2":0,"3":0,"4":9,"5":0},"b":{"0":[9],"1":[9],"2":[0,9],"3":[0,0],"4":[0,9]},"meta":{"lastBranch":5,"lastFunction":6,"lastStatement":18,"seen":{"s:14:51:67:Infinity":0,"f:14:51:14:52":0,"b:17:16:17:Infinity":0,"b:18:18:18:Infinity":1,"s:20:32:20:Infinity":1,"s:21:32:21:Infinity":2,"s:22:10:22:Infinity":3,"s:24:4:47:Infinity":4,"f:24:14:24:20":1,"b:25:8:25:Infinity:undefined:undefined:undefined:undefined":2,"s:25:8:25:Infinity":5,"s:25:29:25:Infinity":6,"s:27:25:40:Infinity":7,"f:28:12:28:13":2,"s:29:16:34:Infinity":8,"f:29:32:29:33":3,"b:30:20:33:Infinity:undefined:undefined:undefined:undefined":3,"s:30:20:33:Infinity":9,"s:31:24:31:Infinity":10,"s:32:24:32:Infinity":11,"s:42:8:42:Infinity":12,"s:44:8:46:Infinity":13,"f:44:15:44:21":4,"s:45:12:45:Infinity":14,"s:49:23:51:Infinity":15,"f:49:23:49:29":5,"s:50:8:50:Infinity":16,"s:53:4:65:Infinity":17,"b:62:36:62:40:62:40:62:Infinity":4}}}
,"/home/andrew/projects/GraduationProject/src/components/UI/MovieCard/index.tsx": {"path":"/home/andrew/projects/GraduationProject/src/components/UI/MovieCard/index.tsx","statementMap":{"0":{"start":{"line":18,"column":44},"end":{"line":88,"column":null}},"1":{"start":{"line":19,"column":10},"end":{"line":19,"column":null}},"2":{"start":{"line":20,"column":10},"end":{"line":20,"column":null}},"3":{"start":{"line":21,"column":19},"end":{"line":21,"column":null}},"4":{"start":{"line":22,"column":24},"end":{"line":22,"column":null}},"5":{"start":{"line":23,"column":10},"end":{"line":23,"column":null}},"6":{"start":{"line":27,"column":10},"end":{"line":29,"column":null}},"7":{"start":{"line":28,"column":8},"end":{"line":28,"column":null}},"8":{"start":{"line":28,"column":42},"end":{"line":28,"column":74}},"9":{"start":{"line":31,"column":33},"end":{"line":33,"column":null}},"10":{"start":{"line":32,"column":8},"end":{"line":32,"column":null}},"11":{"start":{"line":35,"column":4},"end":{"line":41,"column":null}},"12":{"start":{"line":36,"column":8},"end":{"line":36,"column":null}},"13":{"start":{"line":37,"column":4},"end":{"line":41,"column":null}},"14":{"start":{"line":38,"column":8},"end":{"line":38,"column":null}},"15":{"start":{"line":40,"column":8},"end":{"line":40,"column":null}},"16":{"start":{"line":43,"column":4},"end":{"line":61,"column":null}},"17":{"start":{"line":44,"column":8},"end":{"line":44,"column":null}},"18":{"start":{"line":45,"column":8},"end":{"line":45,"column":null}},"19":{"start":{"line":46,"column":8},"end":{"line":46,"column":null}},"20":{"start":{"line":47,"column":8},"end":{"line":47,"column":null}},"21":{"start":{"line":48,"column":4},"end":{"line":61,"column":null}},"22":{"start":{"line":49,"column":8},"end":{"line":49,"column":null}},"23":{"start":{"line":50,"column":4},"end":{"line":61,"column":null}},"24":{"start":{"line":51,"column":8},"end":{"line":51,"column":null}},"25":{"start":{"line":52,"column":8},"end":{"line":52,"column":null}},"26":{"start":{"line":53,"column":4},"end":{"line":61,"column":null}},"27":{"start":{"line":54,"column":8},"end":{"line":54,"column":null}},"28":{"start":{"line":55,"column":8},"end":{"line":55,"column":null}},"29":{"start":{"line":56,"column":8},"end":{"line":56,"column":null}},"30":{"start":{"line":58,"column":8},"end":{"line":58,"column":null}},"31":{"start":{"line":59,"column":8},"end":{"line":59,"column":null}},"32":{"start":{"line":60,"column":8},"end":{"line":60,"column":null}},"33":{"start":{"line":64,"column":4},"end":{"line":86,"column":null}},"34":{"start":{"line":84,"column":81},"end":{"line":84,"column":93}},"35":{"start":{"line":91,"column":26},"end":{"line":91,"column":null}}},"fnMap":{"0":{"name":"(anonymous_0)","decl":{"start":{"line":18,"column":44},"end":{"line":18,"column":45}},"loc":{"start":{"line":18,"column":73},"end":{"line":88,"column":null}},"line":18},"1":{"name":"(anonymous_1)","decl":{"start":{"line":27,"column":36},"end":{"line":27,"column":37}},"loc":{"start":{"line":28,"column":8},"end":{"line":28,"column":null}},"line":28},"2":{"name":"(anonymous_2)","decl":{"start":{"line":28,"column":30},"end":{"line":28,"column":42}},"loc":{"start":{"line":28,"column":42},"end":{"line":28,"column":74}},"line":28},"3":{"name":"(anonymous_3)","decl":{"start":{"line":31,"column":33},"end":{"line":31,"column":39}},"loc":{"start":{"line":31,"column":39},"end":{"line":33,"column":null}},"line":31},"4":{"name":"(anonymous_4)","decl":{"start":{"line":84,"column":72},"end":{"line":84,"column":81}},"loc":{"start":{"line":84,"column":81},"end":{"line":84,"column":93}},"line":84}},"branchMap":{"0":{"loc":{"start":{"line":35,"column":4},"end":{"line":41,"column":null}},"type":"if","locations":[{"start":{"line":35,"column":4},"end":{"line":41,"column":null}},{"start":{"line":37,"column":4},"end":{"line":41,"column":null}}],"line":35},"1":{"loc":{"start":{"line":37,"column":4},"end":{"line":41,"column":null}},"type":"if","locations":[{"start":{"line":37,"column":4},"end":{"line":41,"column":null}},{"start":{"line":39,"column":11},"end":{"line":41,"column":null}}],"line":37},"2":{"loc":{"start":{"line":37,"column":15},"end":{"line":37,"column":42}},"type":"binary-expr","locations":[{"start":{"line":37,"column":15},"end":{"line":37,"column":30}},{"start":{"line":37,"column":30},"end":{"line":37,"column":42}}],"line":37},"3":{"loc":{"start":{"line":43,"column":4},"end":{"line":61,"column":null}},"type":"if","locations":[{"start":{"line":43,"column":4},"end":{"line":61,"column":null}},{"start":{"line":48,"column":4},"end":{"line":61,"column":null}}],"line":43},"4":{"loc":{"start":{"line":48,"column":4},"end":{"line":61,"column":null}},"type":"if","locations":[{"start":{"line":48,"column":4},"end":{"line":61,"column":null}},{"start":{"line":50,"column":4},"end":{"line":61,"column":null}}],"line":48},"5":{"loc":{"start":{"line":48,"column":15},"end":{"line":48,"column":67}},"type":"binary-expr","locations":[{"start":{"line":48,"column":15},"end":{"line":48,"column":53}},{"start":{"line":48,"column":53},"end":{"line":48,"column":67}}],"line":48},"6":{"loc":{"start":{"line":50,"column":4},"end":{"line":61,"column":null}},"type":"if","locations":[{"start":{"line":50,"column":4},"end":{"line":61,"column":null}},{"start":{"line":53,"column":4},"end":{"line":61,"column":null}}],"line":50},"7":{"loc":{"start":{"line":53,"column":4},"end":{"line":61,"column":null}},"type":"if","locations":[{"start":{"line":53,"column":4},"end":{"line":61,"column":null}},{"start":{"line":57,"column":11},"end":{"line":61,"column":null}}],"line":53},"8":{"loc":{"start":{"line":71,"column":35},"end":{"line":71,"column":67}},"type":"cond-expr","locations":[{"start":{"line":71,"column":50},"end":{"line":71,"column":65}},{"start":{"line":71,"column":65},"end":{"line":71,"column":67}}],"line":71},"9":{"loc":{"start":{"line":77,"column":25},"end":{"line":77,"column":null}},"type":"cond-expr","locations":[{"start":{"line":77,"column":50},"end":{"line":77,"column":65}},{"start":{"line":77,"column":65},"end":{"line":77,"column":null}}],"line":77}},"s":{"0":1,"1":9,"2":9,"3":9,"4":9,"5":9,"6":9,"7":18,"8":0,"9":9,"10":0,"11":9,"12":0,"13":9,"14":0,"15":9,"16":9,"17":0,"18":0,"19":0,"20":0,"21":9,"22":0,"23":9,"24":0,"25":0,"26":9,"27":0,"28":0,"29":0,"30":9,"31":9,"32":9,"33":9,"34":18,"35":1},"f":{"0":9,"1":18,"2":0,"3":0,"4":18},"b":{"0":[0,9],"1":[0,9],"2":[9,0],"3":[0,9],"4":[0,9],"5":[9,0],"6":[0,9],"7":[0,9],"8":[0,9],"9":[9,0]},"meta":{"lastBranch":10,"lastFunction":5,"lastStatement":36,"seen":{"s:18:44:88:Infinity":0,"f:18:44:18:45":0,"s:19:10:19:Infinity":1,"s:20:10:20:Infinity":2,"s:21:19:21:Infinity":3,"s:22:24:22:Infinity":4,"s:23:10:23:Infinity":5,"s:27:10:29:Infinity":6,"f:27:36:27:37":1,"s:28:8:28:Infinity":7,"f:28:30:28:42":2,"s:28:42:28:74":8,"s:31:33:33:Infinity":9,"f:31:33:31:39":3,"s:32:8:32:Infinity":10,"b:35:4:41:Infinity:37:4:41:Infinity":0,"s:35:4:41:Infinity":11,"s:36:8:36:Infinity":12,"b:37:4:41:Infinity:39:11:41:Infinity":1,"s:37:4:41:Infinity":13,"b:37:15:37:30:37:30:37:42":2,"s:38:8:38:Infinity":14,"s:40:8:40:Infinity":15,"b:43:4:61:Infinity:48:4:61:Infinity":3,"s:43:4:61:Infinity":16,"s:44:8:44:Infinity":17,"s:45:8:45:Infinity":18,"s:46:8:46:Infinity":19,"s:47:8:47:Infinity":20,"b:48:4:61:Infinity:50:4:61:Infinity":4,"s:48:4:61:Infinity":21,"b:48:15:48:53:48:53:48:67":5,"s:49:8:49:Infinity":22,"b:50:4:61:Infinity:53:4:61:Infinity":6,"s:50:4:61:Infinity":23,"s:51:8:51:Infinity":24,"s:52:8:52:Infinity":25,"b:53:4:61:Infinity:57:11:61:Infinity":7,"s:53:4:61:Infinity":26,"s:54:8:54:Infinity":27,"s:55:8:55:Infinity":28,"s:56:8:56:Infinity":29,"s:58:8:58:Infinity":30,"s:59:8:59:Infinity":31,"s:60:8:60:Infinity":32,"s:64:4:86:Infinity":33,"b:71:50:71:65:71:65:71:67":8,"b:77:50:77:65:77:65:77:Infinity":9,"f:84:72:84:81":4,"s:84:81:84:93":34,"s:91:26:91:Infinity":35}}}
,"/home/andrew/projects/GraduationProject/src/components/UI/MovieCard/movieCard.module.scss": {"path":"/home/andrew/projects/GraduationProject/src/components/UI/MovieCard/movieCard.module.scss","statementMap":{},"fnMap":{},"branchMap":{},"s":{},"f":{},"b":{},"meta":{"lastBranch":0,"lastFunction":0,"lastStatement":0,"seen":{}}}
,"/home/andrew/projects/GraduationProject/src/components/UI/Skeleton/index.tsx": {"path":"/home/andrew/projects/GraduationProject/src/components/UI/Skeleton/index.tsx","statementMap":{"0":{"start":{"line":16,"column":49},"end":{"line":35,"column":null}},"1":{"start":{"line":22,"column":10},"end":{"line":22,"column":null}},"2":{"start":{"line":22,"column":53},"end":{"line":22,"column":71}},"3":{"start":{"line":24,"column":26},"end":{"line":26,"column":null}},"4":{"start":{"line":28,"column":39},"end":{"line":32,"column":null}},"5":{"start":{"line":34,"column":4},"end":{"line":34,"column":null}},"6":{"start":{"line":40,"column":43},"end":{"line":48,"column":null}},"7":{"start":{"line":41,"column":4},"end":{"line":46,"column":null}},"8":{"start":{"line":57,"column":63},"end":{"line":65,"column":null}},"9":{"start":{"line":58,"column":4},"end":{"line":63,"column":null}},"10":{"start":{"line":61,"column":16},"end":{"line":61,"column":null}},"11":{"start":{"line":70,"column":46},"end":{"line":121,"column":null}},"12":{"start":{"line":71,"column":4},"end":{"line":119,"column":null}},"13":{"start":{"line":101,"column":28},"end":{"line":104,"column":null}},"14":{"start":{"line":115,"column":24},"end":{"line":115,"column":null}}},"fnMap":{"0":{"name":"(anonymous_0)","decl":{"start":{"line":16,"column":49},"end":{"line":16,"column":50}},"loc":{"start":{"line":21,"column":6},"end":{"line":35,"column":null}},"line":21},"1":{"name":"(anonymous_1)","decl":{"start":{"line":22,"column":31},"end":{"line":22,"column":32}},"loc":{"start":{"line":22,"column":53},"end":{"line":22,"column":71}},"line":22},"2":{"name":"(anonymous_2)","decl":{"start":{"line":40,"column":43},"end":{"line":40,"column":49}},"loc":{"start":{"line":40,"column":49},"end":{"line":48,"column":null}},"line":40},"3":{"name":"(anonymous_3)","decl":{"start":{"line":57,"column":63},"end":{"line":57,"column":64}},"loc":{"start":{"line":57,"column":83},"end":{"line":65,"column":null}},"line":57},"4":{"name":"(anonymous_4)","decl":{"start":{"line":60,"column":47},"end":{"line":60,"column":48}},"loc":{"start":{"line":61,"column":16},"end":{"line":61,"column":null}},"line":61},"5":{"name":"(anonymous_5)","decl":{"start":{"line":70,"column":46},"end":{"line":70,"column":52}},"loc":{"start":{"line":70,"column":52},"end":{"line":121,"column":null}},"line":70},"6":{"name":"(anonymous_6)","decl":{"start":{"line":100,"column":55},"end":{"line":100,"column":56}},"loc":{"start":{"line":101,"column":28},"end":{"line":104,"column":null}},"line":101},"7":{"name":"(anonymous_7)","decl":{"start":{"line":114,"column":51},"end":{"line":114,"column":52}},"loc":{"start":{"line":115,"column":24},"end":{"line":115,"column":null}},"line":115}},"branchMap":{"0":{"loc":{"start":{"line":20,"column":4},"end":{"line":20,"column":null}},"type":"default-arg","locations":[{"start":{"line":20,"column":16},"end":{"line":20,"column":null}}],"line":20},"1":{"loc":{"start":{"line":24,"column":26},"end":{"line":26,"column":null}},"type":"cond-expr","locations":[{"start":{"line":25,"column":10},"end":{"line":25,"column":null}},{"start":{"line":26,"column":10},"end":{"line":26,"column":null}}],"line":24},"2":{"loc":{"start":{"line":29,"column":15},"end":{"line":29,"column":null}},"type":"binary-expr","locations":[{"start":{"line":29,"column":15},"end":{"line":29,"column":24}},{"start":{"line":29,"column":24},"end":{"line":29,"column":null}}],"line":29},"3":{"loc":{"start":{"line":30,"column":16},"end":{"line":30,"column":null}},"type":"binary-expr","locations":[{"start":{"line":30,"column":16},"end":{"line":30,"column":26}},{"start":{"line":30,"column":26},"end":{"line":30,"column":null}}],"line":30},"4":{"loc":{"start":{"line":31,"column":22},"end":{"line":31,"column":null}},"type":"binary-expr","locations":[{"start":{"line":31,"column":22},"end":{"line":31,"column":38}},{"start":{"line":31,"column":38},"end":{"line":31,"column":null}}],"line":31},"5":{"loc":{"start":{"line":57,"column":66},"end":{"line":57,"column":77}},"type":"default-arg","locations":[{"start":{"line":57,"column":74},"end":{"line":57,"column":77}}],"line":57}},"s":{"0":1,"1":53,"2":106,"3":53,"4":53,"5":53,"6":1,"7":16,"8":1,"9":2,"10":15,"11":1,"12":0,"13":0,"14":0},"f":{"0":53,"1":106,"2":16,"3":2,"4":15,"5":0,"6":0,"7":0},"b":{"0":[53],"1":[52,1],"2":[53,52],"3":[53,52],"4":[53,52],"5":[2]},"meta":{"lastBranch":6,"lastFunction":8,"lastStatement":15,"seen":{"s:16:49:35:Infinity":0,"f:16:49:16:50":0,"b:20:16:20:Infinity":0,"s:22:10:22:Infinity":1,"f:22:31:22:32":1,"s:22:53:22:71":2,"s:24:26:26:Infinity":3,"b:25:10:25:Infinity:26:10:26:Infinity":1,"s:28:39:32:Infinity":4,"b:29:15:29:24:29:24:29:Infinity":2,"b:30:16:30:26:30:26:30:Infinity":3,"b:31:22:31:38:31:38:31:Infinity":4,"s:34:4:34:Infinity":5,"s:40:43:48:Infinity":6,"f:40:43:40:49":2,"s:41:4:46:Infinity":7,"s:57:63:65:Infinity":8,"f:57:63:57:64":3,"b:57:74:57:77":5,"s:58:4:63:Infinity":9,"f:60:47:60:48":4,"s:61:16:61:Infinity":10,"s:70:46:121:Infinity":11,"f:70:46:70:52":5,"s:71:4:119:Infinity":12,"f:100:55:100:56":6,"s:101:28:104:Infinity":13,"f:114:51:114:52":7,"s:115:24:115:Infinity":14}}}
,"/home/andrew/projects/GraduationProject/src/components/UI/Skeleton/skeleton.module.scss": {"path":"/home/andrew/projects/GraduationProject/src/components/UI/Skeleton/skeleton.module.scss","statementMap":{},"fnMap":{},"branchMap":{},"s":{},"f":{},"b":{},"meta":{"lastBranch":0,"lastFunction":0,"lastStatement":0,"seen":{}}}
,"/home/andrew/projects/GraduationProject/src/components/containers/ImageCard/imageCard.module.scss": {"path":"/home/andrew/projects/GraduationProject/src/components/containers/ImageCard/imageCard.module.scss","statementMap":{},"fnMap":{},"branchMap":{},"s":{},"f":{},"b":{},"meta":{"lastBranch":0,"lastFunction":0,"lastStatement":0,"seen":{}}}
,"/home/andrew/projects/GraduationProject/src/components/containers/ImageCard/index.tsx": {"path":"/home/andrew/projects/GraduationProject/src/components/containers/ImageCard/index.tsx","statementMap":{"0":{"start":{"line":10,"column":44},"end":{"line":19,"column":null}},"1":{"start":{"line":11,"column":4},"end":{"line":17,"column":null}}},"fnMap":{"0":{"name":"(anonymous_0)","decl":{"start":{"line":10,"column":44},"end":{"line":10,"column":45}},"loc":{"start":{"line":10,"column":80},"end":{"line":19,"column":null}},"line":10}},"branchMap":{"0":{"loc":{"start":{"line":15,"column":17},"end":{"line":15,"column":null}},"type":"binary-expr","locations":[{"start":{"line":15,"column":17},"end":{"line":15,"column":28}},{"start":{"line":15,"column":28},"end":{"line":15,"column":null}}],"line":15}},"s":{"0":1,"1":5},"f":{"0":5},"b":{"0":[5,5]},"meta":{"lastBranch":1,"lastFunction":1,"lastStatement":2,"seen":{"s:10:44:19:Infinity":0,"f:10:44:10:45":0,"s:11:4:17:Infinity":1,"b:15:17:15:28:15:28:15:Infinity":0}}}
,"/home/andrew/projects/GraduationProject/src/components/containers/MovieGallery/EmptyState/index.tsx": {"path":"/home/andrew/projects/GraduationProject/src/components/containers/MovieGallery/EmptyState/index.tsx","statementMap":{"0":{"start":{"line":13,"column":53},"end":{"line":19,"column":null}},"1":{"start":{"line":18,"column":4},"end":{"line":18,"column":null}}},"fnMap":{"0":{"name":"(anonymous_0)","decl":{"start":{"line":13,"column":53},"end":{"line":13,"column":54}},"loc":{"start":{"line":17,"column":6},"end":{"line":19,"column":null}},"line":17}},"branchMap":{"0":{"loc":{"start":{"line":14,"column":4},"end":{"line":14,"column":null}},"type":"default-arg","locations":[{"start":{"line":14,"column":15},"end":{"line":14,"column":null}}],"line":14},"1":{"loc":{"start":{"line":15,"column":4},"end":{"line":15,"column":null}},"type":"default-arg","locations":[{"start":{"line":15,"column":14},"end":{"line":15,"column":null}}],"line":15},"2":{"loc":{"start":{"line":16,"column":4},"end":{"line":16,"column":null}},"type":"default-arg","locations":[{"start":{"line":16,"column":14},"end":{"line":16,"column":null}}],"line":16}},"s":{"0":1,"1":5},"f":{"0":5},"b":{"0":[5],"1":[5],"2":[5]},"meta":{"lastBranch":3,"lastFunction":1,"lastStatement":2,"seen":{"s:13:53:19:Infinity":0,"f:13:53:13:54":0,"b:14:15:14:Infinity":0,"b:15:14:15:Infinity":1,"b:16:14:16:Infinity":2,"s:18:4:18:Infinity":1}}}
,"/home/andrew/projects/GraduationProject/src/components/containers/MovieGallery/FilterButtons/filterButtons.module.scss": {"path":"/home/andrew/projects/GraduationProject/src/components/containers/MovieGallery/FilterButtons/filterButtons.module.scss","statementMap":{},"fnMap":{},"branchMap":{},"s":{},"f":{},"b":{},"meta":{"lastBranch":0,"lastFunction":0,"lastStatement":0,"seen":{}}}
,"/home/andrew/projects/GraduationProject/src/components/containers/MovieGallery/FilterButtons/index.tsx": {"path":"/home/andrew/projects/GraduationProject/src/components/containers/MovieGallery/FilterButtons/index.tsx","statementMap":{"0":{"start":{"line":14,"column":59},"end":{"line":31,"column":null}},"1":{"start":{"line":15,"column":4},"end":{"line":15,"column":null}},"2":{"start":{"line":15,"column":18},"end":{"line":15,"column":null}},"3":{"start":{"line":17,"column":24},"end":{"line":17,"column":null}},"4":{"start":{"line":19,"column":4},"end":{"line":19,"column":null}},"5":{"start":{"line":19,"column":34},"end":{"line":19,"column":null}},"6":{"start":{"line":21,"column":4},"end":{"line":29,"column":null}},"7":{"start":{"line":24,"column":16},"end":{"line":27,"column":null}},"8":{"start":{"line":26,"column":49},"end":{"line":26,"column":70}}},"fnMap":{"0":{"name":"(anonymous_0)","decl":{"start":{"line":14,"column":59},"end":{"line":14,"column":60}},"loc":{"start":{"line":14,"column":92},"end":{"line":31,"column":null}},"line":14},"1":{"name":"(anonymous_1)","decl":{"start":{"line":23,"column":29},"end":{"line":23,"column":30}},"loc":{"start":{"line":24,"column":16},"end":{"line":27,"column":null}},"line":24},"2":{"name":"(anonymous_2)","decl":{"start":{"line":26,"column":43},"end":{"line":26,"column":49}},"loc":{"start":{"line":26,"column":49},"end":{"line":26,"column":70}},"line":26}},"branchMap":{"0":{"loc":{"start":{"line":15,"column":4},"end":{"line":15,"column":null}},"type":"if","locations":[{"start":{"line":15,"column":4},"end":{"line":15,"column":null}},{"start":{},"end":{}}],"line":15},"1":{"loc":{"start":{"line":19,"column":4},"end":{"line":19,"column":null}},"type":"if","locations":[{"start":{"line":19,"column":4},"end":{"line":19,"column":null}},{"start":{},"end":{}}],"line":19}},"s":{"0":1,"1":5,"2":1,"3":4,"4":4,"5":1,"6":3,"7":5,"8":1},"f":{"0":5,"1":5,"2":1},"b":{"0":[1,4],"1":[1,3]},"meta":{"lastBranch":2,"lastFunction":3,"lastStatement":9,"seen":{"s:14:59:31:Infinity":0,"f:14:59:14:60":0,"b:15:4:15:Infinity:undefined:undefined:undefined:undefined":0,"s:15:4:15:Infinity":1,"s:15:18:15:Infinity":2,"s:17:24:17:Infinity":3,"b:19:4:19:Infinity:undefined:undefined:undefined:undefined":1,"s:19:4:19:Infinity":4,"s:19:34:19:Infinity":5,"s:21:4:29:Infinity":6,"f:23:29:23:30":1,"s:24:16:27:Infinity":7,"f:26:43:26:49":2,"s:26:49:26:70":8}}}
,"/home/andrew/projects/GraduationProject/src/components/containers/MovieGallery/MovieGrid/index.tsx": {"path":"/home/andrew/projects/GraduationProject/src/components/containers/MovieGallery/MovieGrid/index.tsx","statementMap":{"0":{"start":{"line":14,"column":51},"end":{"line":24,"column":null}},"1":{"start":{"line":15,"column":4},"end":{"line":15,"column":null}},"2":{"start":{"line":15,"column":40},"end":{"line":15,"column":null}},"3":{"start":{"line":17,"column":4},"end":{"line":22,"column":null}},"4":{"start":{"line":20,"column":16},"end":{"line":20,"column":null}}},"fnMap":{"0":{"name":"(anonymous_0)","decl":{"start":{"line":14,"column":51},"end":{"line":14,"column":52}},"loc":{"start":{"line":14,"column":83},"end":{"line":24,"column":null}},"line":14},"1":{"name":"(anonymous_1)","decl":{"start":{"line":19,"column":24},"end":{"line":19,"column":25}},"loc":{"start":{"line":20,"column":16},"end":{"line":20,"column":null}},"line":20}},"branchMap":{"0":{"loc":{"start":{"line":14,"column":62},"end":{"line":14,"column":77}},"type":"default-arg","locations":[{"start":{"line":14,"column":74},"end":{"line":14,"column":77}}],"line":14},"1":{"loc":{"start":{"line":15,"column":4},"end":{"line":15,"column":null}},"type":"if","locations":[{"start":{"line":15,"column":4},"end":{"line":15,"column":null}},{"start":{},"end":{}}],"line":15},"2":{"loc":{"start":{"line":15,"column":8},"end":{"line":15,"column":40}},"type":"binary-expr","locations":[{"start":{"line":15,"column":8},"end":{"line":15,"column":19}},{"start":{"line":15,"column":19},"end":{"line":15,"column":40}}],"line":15}},"s":{"0":1,"1":4,"2":1,"3":3,"4":9},"f":{"0":4,"1":9},"b":{"0":[4],"1":[1,3],"2":[4,4]},"meta":{"lastBranch":3,"lastFunction":2,"lastStatement":5,"seen":{"s:14:51:24:Infinity":0,"f:14:51:14:52":0,"b:14:74:14:77":0,"b:15:4:15:Infinity:undefined:undefined:undefined:undefined":1,"s:15:4:15:Infinity":1,"b:15:8:15:19:15:19:15:40":2,"s:15:40:15:Infinity":2,"s:17:4:22:Infinity":3,"f:19:24:19:25":1,"s:20:16:20:Infinity":4}}}
,"/home/andrew/projects/GraduationProject/src/components/containers/MovieGallery/MovieGrid/movieGrid.module.scss": {"path":"/home/andrew/projects/GraduationProject/src/components/containers/MovieGallery/MovieGrid/movieGrid.module.scss","statementMap":{},"fnMap":{},"branchMap":{},"s":{},"f":{},"b":{},"meta":{"lastBranch":0,"lastFunction":0,"lastStatement":0,"seen":{}}}
,"/home/andrew/projects/GraduationProject/src/constants/APIconstats.ts": {"path":"/home/andrew/projects/GraduationProject/src/constants/APIconstats.ts","statementMap":{"0":{"start":{"line":1,"column":23},"end":{"line":1,"column":null}},"1":{"start":{"line":2,"column":26},"end":{"line":2,"column":null}}},"fnMap":{},"branchMap":{},"s":{"0":6,"1":6},"f":{},"b":{},"meta":{"lastBranch":0,"lastFunction":0,"lastStatement":2,"seen":{"s:1:23:1:Infinity":0,"s:2:26:2:Infinity":1}}}
,"/home/andrew/projects/GraduationProject/src/hooks/useThemeStyles.ts": {"path":"/home/andrew/projects/GraduationProject/src/hooks/useThemeStyles.ts","statementMap":{"0":{"start":{"line":16,"column":30},"end":{"line":32,"column":null}},"1":{"start":{"line":17,"column":10},"end":{"line":17,"column":null}},"2":{"start":{"line":17,"column":53},"end":{"line":17,"column":71}},"3":{"start":{"line":24,"column":4},"end":{"line":31,"column":null}},"4":{"start":{"line":25,"column":21},"end":{"line":25,"column":null}},"5":{"start":{"line":26,"column":8},"end":{"line":28,"column":null}},"6":{"start":{"line":27,"column":12},"end":{"line":27,"column":null}},"7":{"start":{"line":29,"column":27},"end":{"line":29,"column":null}},"8":{"start":{"line":30,"column":8},"end":{"line":30,"column":null}}},"fnMap":{"0":{"name":"(anonymous_0)","decl":{"start":{"line":16,"column":30},"end":{"line":16,"column":31}},"loc":{"start":{"line":16,"column":66},"end":{"line":32,"column":null}},"line":16},"1":{"name":"(anonymous_1)","decl":{"start":{"line":17,"column":31},"end":{"line":17,"column":32}},"loc":{"start":{"line":17,"column":53},"end":{"line":17,"column":71}},"line":17},"2":{"name":"(anonymous_2)","decl":{"start":{"line":24,"column":11},"end":{"line":24,"column":12}},"loc":{"start":{"line":24,"column":73},"end":{"line":31,"column":null}},"line":24}},"branchMap":{"0":{"loc":{"start":{"line":24,"column":31},"end":{"line":24,"column":73}},"type":"default-arg","locations":[{"start":{"line":24,"column":53},"end":{"line":24,"column":73}}],"line":24},"1":{"loc":{"start":{"line":25,"column":21},"end":{"line":25,"column":null}},"type":"binary-expr","locations":[{"start":{"line":25,"column":21},"end":{"line":25,"column":42}},{"start":{"line":25,"column":42},"end":{"line":25,"column":null}}],"line":25},"2":{"loc":{"start":{"line":26,"column":8},"end":{"line":28,"column":null}},"type":"if","locations":[{"start":{"line":26,"column":8},"end":{"line":28,"column":null}},{"start":{},"end":{}}],"line":26},"3":{"loc":{"start":{"line":29,"column":27},"end":{"line":29,"column":null}},"type":"binary-expr","locations":[{"start":{"line":29,"column":27},"end":{"line":29,"column":67}},{"start":{"line":29,"column":67},"end":{"line":29,"column":null}}],"line":29},"4":{"loc":{"start":{"line":30,"column":15},"end":{"line":30,"column":null}},"type":"cond-expr","locations":[{"start":{"line":30,"column":28},"end":{"line":30,"column":54}},{"start":{"line":30,"column":54},"end":{"line":30,"column":null}}],"line":30}},"s":{"0":2,"1":13,"2":26,"3":13,"4":13,"5":13,"6":12,"7":1,"8":13},"f":{"0":13,"1":26,"2":13},"b":{"0":[13],"1":[13,0],"2":[12,1],"3":[1,0],"4":[1,0]},"meta":{"lastBranch":5,"lastFunction":3,"lastStatement":9,"seen":{"s:16:30:32:Infinity":0,"f:16:30:16:31":0,"s:17:10:17:Infinity":1,"f:17:31:17:32":1,"s:17:53:17:71":2,"s:24:4:31:Infinity":3,"f:24:11:24:12":2,"b:24:53:24:73":0,"s:25:21:25:Infinity":4,"b:25:21:25:42:25:42:25:Infinity":1,"b:26:8:28:Infinity:undefined:undefined:undefined:undefined":2,"s:26:8:28:Infinity":5,"s:27:12:27:Infinity":6,"s:29:27:29:Infinity":7,"b:29:27:29:67:29:67:29:Infinity":3,"s:30:8:30:Infinity":8,"b:30:28:30:54:30:54:30:Infinity":4}}}
,"/home/andrew/projects/GraduationProject/src/services/movieService.ts": {"path":"/home/andrew/projects/GraduationProject/src/services/movieService.ts","statementMap":{"0":{"start":{"line":9,"column":35},"end":{"line":23,"column":null}},"1":{"start":{"line":10,"column":21},"end":{"line":10,"column":null}},"2":{"start":{"line":11,"column":19},"end":{"line":11,"column":null}},"3":{"start":{"line":13,"column":4},"end":{"line":15,"column":null}},"4":{"start":{"line":14,"column":8},"end":{"line":14,"column":null}},"5":{"start":{"line":17,"column":21},"end":{"line":17,"column":null}},"6":{"start":{"line":18,"column":4},"end":{"line":21,"column":null}},"7":{"start":{"line":19,"column":8},"end":{"line":19,"column":null}},"8":{"start":{"line":20,"column":8},"end":{"line":20,"column":null}},"9":{"start":{"line":22,"column":4},"end":{"line":22,"column":null}},"10":{"start":{"line":25,"column":27},"end":{"line":46,"column":null}},"11":{"start":{"line":26,"column":21},"end":{"line":26,"column":null}},"12":{"start":{"line":27,"column":19},"end":{"line":27,"column":null}},"13":{"start":{"line":29,"column":4},"end":{"line":31,"column":null}},"14":{"start":{"line":30,"column":8},"end":{"line":30,"column":null}},"15":{"start":{"line":33,"column":21},"end":{"line":33,"column":null}},"16":{"start":{"line":35,"column":4},"end":{"line":45,"column":null}},"17":{"start":{"line":36,"column":37},"end":{"line":38,"column":null}},"18":{"start":{"line":37,"column":12},"end":{"line":37,"column":null}},"19":{"start":{"line":40,"column":23},"end":{"line":40,"column":null}},"20":{"start":{"line":41,"column":8},"end":{"line":41,"column":null}},"21":{"start":{"line":42,"column":8},"end":{"line":42,"column":null}},"22":{"start":{"line":44,"column":8},"end":{"line":44,"column":null}},"23":{"start":{"line":48,"column":35},"end":{"line":138,"column":null}},"24":{"start":{"line":49,"column":17},"end":{"line":49,"column":null}},"25":{"start":{"line":50,"column":18},"end":{"line":50,"column":null}},"26":{"start":{"line":53,"column":21},"end":{"line":53,"column":null}},"27":{"start":{"line":54,"column":19},"end":{"line":54,"column":null}},"28":{"start":{"line":56,"column":4},"end":{"line":58,"column":null}},"29":{"start":{"line":57,"column":8},"end":{"line":57,"column":null}},"30":{"start":{"line":60,"column":41},"end":{"line":60,"column":null}},"31":{"start":{"line":62,"column":4},"end":{"line":74,"column":null}},"32":{"start":{"line":64,"column":8},"end":{"line":71,"column":null}},"33":{"start":{"line":64,"column":21},"end":{"line":64,"column":24}},"34":{"start":{"line":65,"column":29},"end":{"line":65,"column":null}},"35":{"start":{"line":66,"column":12},"end":{"line":70,"column":null}},"36":{"start":{"line":67,"column":16},"end":{"line":67,"column":null}},"37":{"start":{"line":69,"column":16},"end":{"line":69,"column":null}},"38":{"start":{"line":73,"column":8},"end":{"line":73,"column":null}},"39":{"start":{"line":77,"column":35},"end":{"line":79,"column":null}},"40":{"start":{"line":78,"column":8},"end":{"line":78,"column":null}},"41":{"start":{"line":81,"column":27},"end":{"line":81,"column":null}},"42":{"start":{"line":84,"column":27},"end":{"line":88,"column":null}},"43":{"start":{"line":85,"column":28},"end":{"line":85,"column":null}},"44":{"start":{"line":85,"column":67},"end":{"line":85,"column":93}},"45":{"start":{"line":86,"column":29},"end":{"line":86,"column":null}},"46":{"start":{"line":86,"column":59},"end":{"line":86,"column":78}},"47":{"start":{"line":87,"column":8},"end":{"line":87,"column":null}},"48":{"start":{"line":87,"column":50},"end":{"line":87,"column":83}},"49":{"start":{"line":91,"column":23},"end":{"line":91,"column":null}},"50":{"start":{"line":92,"column":21},"end":{"line":92,"column":null}},"51":{"start":{"line":94,"column":27},"end":{"line":107,"column":null}},"52":{"start":{"line":95,"column":28},"end":{"line":95,"column":null}},"53":{"start":{"line":97,"column":8},"end":{"line":97,"column":null}},"54":{"start":{"line":97,"column":32},"end":{"line":97,"column":null}},"55":{"start":{"line":99,"column":8},"end":{"line":105,"column":null}},"56":{"start":{"line":100,"column":12},"end":{"line":100,"column":null}},"57":{"start":{"line":101,"column":8},"end":{"line":105,"column":null}},"58":{"start":{"line":102,"column":12},"end":{"line":102,"column":null}},"59":{"start":{"line":103,"column":8},"end":{"line":105,"column":null}},"60":{"start":{"line":104,"column":12},"end":{"line":104,"column":null}},"61":{"start":{"line":106,"column":8},"end":{"line":106,"column":null}},"62":{"start":{"line":111,"column":8},"end":{"line":119,"column":null}},"63":{"start":{"line":113,"column":41},"end":{"line":113,"column":null}},"64":{"start":{"line":113,"column":84},"end":{"line":113,"column":112}},"65":{"start":{"line":114,"column":42},"end":{"line":116,"column":null}},"66":{"start":{"line":115,"column":57},"end":{"line":115,"column":78}},"67":{"start":{"line":117,"column":18},"end":{"line":117,"column":null}},"68":{"start":{"line":117,"column":65},"end":{"line":117,"column":103}},"69":{"start":{"line":122,"column":25},"end":{"line":133,"column":null}},"70":{"start":{"line":123,"column":8},"end":{"line":131,"column":null}},"71":{"start":{"line":124,"column":28},"end":{"line":124,"column":null}},"72":{"start":{"line":125,"column":28},"end":{"line":125,"column":null}},"73":{"start":{"line":126,"column":12},"end":{"line":126,"column":null}},"74":{"start":{"line":127,"column":8},"end":{"line":131,"column":null}},"75":{"start":{"line":128,"column":26},"end":{"line":128,"column":null}},"76":{"start":{"line":129,"column":26},"end":{"line":129,"column":null}},"77":{"start":{"line":130,"column":12},"end":{"line":130,"column":null}},"78":{"start":{"line":132,"column":8},"end":{"line":132,"column":null}},"79":{"start":{"line":136,"column":4},"end":{"line":136,"column":null}},"80":{"start":{"line":137,"column":4},"end":{"line":137,"column":null}},"81":{"start":{"line":140,"column":36},"end":{"line":146,"column":null}},"82":{"start":{"line":141,"column":19},"end":{"line":141,"column":null}},"83":{"start":{"line":142,"column":4},"end":{"line":145,"column":null}},"84":{"start":{"line":143,"column":23},"end":{"line":143,"column":null}},"85":{"start":{"line":144,"column":8},"end":{"line":144,"column":null}},"86":{"start":{"line":148,"column":33},"end":{"line":150,"column":null}},"87":{"start":{"line":149,"column":4},"end":{"line":149,"column":null}},"88":{"start":{"line":152,"column":38},"end":{"line":189,"column":null}},"89":{"start":{"line":153,"column":21},"end":{"line":153,"column":null}},"90":{"start":{"line":154,"column":19},"end":{"line":154,"column":null}},"91":{"start":{"line":156,"column":4},"end":{"line":158,"column":null}},"92":{"start":{"line":157,"column":8},"end":{"line":157,"column":null}},"93":{"start":{"line":160,"column":18},"end":{"line":160,"column":null}},"94":{"start":{"line":161,"column":41},"end":{"line":161,"column":null}},"95":{"start":{"line":164,"column":4},"end":{"line":171,"column":null}},"96":{"start":{"line":164,"column":20},"end":{"line":164,"column":23}},"97":{"start":{"line":165,"column":25},"end":{"line":165,"column":null}},"98":{"start":{"line":166,"column":8},"end":{"line":170,"column":null}},"99":{"start":{"line":167,"column":12},"end":{"line":167,"column":null}},"100":{"start":{"line":169,"column":12},"end":{"line":169,"column":null}},"101":{"start":{"line":174,"column":35},"end":{"line":176,"column":null}},"102":{"start":{"line":175,"column":8},"end":{"line":175,"column":null}},"103":{"start":{"line":178,"column":27},"end":{"line":178,"column":null}},"104":{"start":{"line":181,"column":24},"end":{"line":185,"column":null}},"105":{"start":{"line":182,"column":28},"end":{"line":182,"column":null}},"106":{"start":{"line":182,"column":66},"end":{"line":182,"column":78}},"107":{"start":{"line":183,"column":31},"end":{"line":183,"column":null}},"108":{"start":{"line":183,"column":56},"end":{"line":183,"column":83}},"109":{"start":{"line":184,"column":8},"end":{"line":184,"column":null}},"110":{"start":{"line":187,"column":4},"end":{"line":187,"column":null}},"111":{"start":{"line":188,"column":4},"end":{"line":188,"column":null}},"112":{"start":{"line":191,"column":35},"end":{"line":216,"column":null}},"113":{"start":{"line":192,"column":4},"end":{"line":194,"column":null}},"114":{"start":{"line":193,"column":8},"end":{"line":193,"column":null}},"115":{"start":{"line":196,"column":21},"end":{"line":196,"column":null}},"116":{"start":{"line":197,"column":19},"end":{"line":197,"column":null}},"117":{"start":{"line":199,"column":4},"end":{"line":201,"column":null}},"118":{"start":{"line":200,"column":8},"end":{"line":200,"column":null}},"119":{"start":{"line":203,"column":21},"end":{"line":203,"column":null}},"120":{"start":{"line":205,"column":4},"end":{"line":215,"column":null}},"121":{"start":{"line":206,"column":37},"end":{"line":208,"column":null}},"122":{"start":{"line":207,"column":12},"end":{"line":207,"column":null}},"123":{"start":{"line":210,"column":23},"end":{"line":210,"column":null}},"124":{"start":{"line":211,"column":8},"end":{"line":211,"column":null}},"125":{"start":{"line":212,"column":8},"end":{"line":212,"column":null}},"126":{"start":{"line":214,"column":8},"end":{"line":214,"column":null}}},"fnMap":{"0":{"name":"(anonymous_0)","decl":{"start":{"line":9,"column":35},"end":{"line":9,"column":42}},"loc":{"start":{"line":9,"column":77},"end":{"line":23,"column":null}},"line":9},"1":{"name":"(anonymous_1)","decl":{"start":{"line":25,"column":27},"end":{"line":25,"column":34}},"loc":{"start":{"line":25,"column":73},"end":{"line":46,"column":null}},"line":25},"2":{"name":"(anonymous_2)","decl":{"start":{"line":36,"column":62},"end":{"line":36,"column":63}},"loc":{"start":{"line":37,"column":12},"end":{"line":37,"column":null}},"line":37},"3":{"name":"(anonymous_3)","decl":{"start":{"line":48,"column":35},"end":{"line":48,"column":42}},"loc":{"start":{"line":48,"column":87},"end":{"line":138,"column":null}},"line":48},"4":{"name":"(anonymous_4)","decl":{"start":{"line":77,"column":46},"end":{"line":77,"column":47}},"loc":{"start":{"line":78,"column":8},"end":{"line":78,"column":null}},"line":78},"5":{"name":"(anonymous_5)","decl":{"start":{"line":84,"column":49},"end":{"line":84,"column":50}},"loc":{"start":{"line":84,"column":60},"end":{"line":88,"column":5}},"line":84},"6":{"name":"(anonymous_6)","decl":{"start":{"line":85,"column":56},"end":{"line":85,"column":57}},"loc":{"start":{"line":85,"column":67},"end":{"line":85,"column":93}},"line":85},"7":{"name":"(anonymous_7)","decl":{"start":{"line":86,"column":48},"end":{"line":86,"column":49}},"loc":{"start":{"line":86,"column":59},"end":{"line":86,"column":78}},"line":86},"8":{"name":"(anonymous_8)","decl":{"start":{"line":87,"column":33},"end":{"line":87,"column":34}},"loc":{"start":{"line":87,"column":50},"end":{"line":87,"column":83}},"line":87},"9":{"name":"(anonymous_9)","decl":{"start":{"line":94,"column":49},"end":{"line":94,"column":50}},"loc":{"start":{"line":94,"column":60},"end":{"line":107,"column":5}},"line":94},"10":{"name":"(anonymous_10)","decl":{"start":{"line":112,"column":36},"end":{"line":112,"column":37}},"loc":{"start":{"line":112,"column":47},"end":{"line":118,"column":15}},"line":112},"11":{"name":"(anonymous_11)","decl":{"start":{"line":113,"column":71},"end":{"line":113,"column":72}},"loc":{"start":{"line":113,"column":84},"end":{"line":113,"column":112}},"line":113},"12":{"name":"(anonymous_12)","decl":{"start":{"line":115,"column":44},"end":{"line":115,"column":45}},"loc":{"start":{"line":115,"column":57},"end":{"line":115,"column":78}},"line":115},"13":{"name":"(anonymous_13)","decl":{"start":{"line":117,"column":46},"end":{"line":117,"column":47}},"loc":{"start":{"line":117,"column":65},"end":{"line":117,"column":103}},"line":117},"14":{"name":"(anonymous_14)","decl":{"start":{"line":122,"column":46},"end":{"line":122,"column":47}},"loc":{"start":{"line":122,"column":56},"end":{"line":133,"column":5}},"line":122},"15":{"name":"(anonymous_15)","decl":{"start":{"line":140,"column":36},"end":{"line":140,"column":43}},"loc":{"start":{"line":140,"column":97},"end":{"line":146,"column":null}},"line":140},"16":{"name":"(anonymous_16)","decl":{"start":{"line":142,"column":25},"end":{"line":142,"column":26}},"loc":{"start":{"line":142,"column":36},"end":{"line":145,"column":5}},"line":142},"17":{"name":"(anonymous_17)","decl":{"start":{"line":148,"column":33},"end":{"line":148,"column":40}},"loc":{"start":{"line":148,"column":75},"end":{"line":150,"column":null}},"line":148},"18":{"name":"(anonymous_18)","decl":{"start":{"line":152,"column":38},"end":{"line":152,"column":45}},"loc":{"start":{"line":152,"column":84},"end":{"line":189,"column":null}},"line":152},"19":{"name":"(anonymous_19)","decl":{"start":{"line":174,"column":46},"end":{"line":174,"column":47}},"loc":{"start":{"line":175,"column":8},"end":{"line":175,"column":null}},"line":175},"20":{"name":"(anonymous_20)","decl":{"start":{"line":181,"column":46},"end":{"line":181,"column":47}},"loc":{"start":{"line":181,"column":64},"end":{"line":185,"column":5}},"line":181},"21":{"name":"(anonymous_21)","decl":{"start":{"line":182,"column":55},"end":{"line":182,"column":56}},"loc":{"start":{"line":182,"column":66},"end":{"line":182,"column":78}},"line":182},"22":{"name":"(anonymous_22)","decl":{"start":{"line":183,"column":45},"end":{"line":183,"column":46}},"loc":{"start":{"line":183,"column":56},"end":{"line":183,"column":83}},"line":183},"23":{"name":"(anonymous_23)","decl":{"start":{"line":191,"column":35},"end":{"line":191,"column":42}},"loc":{"start":{"line":191,"column":96},"end":{"line":216,"column":null}},"line":191},"24":{"name":"(anonymous_24)","decl":{"start":{"line":206,"column":62},"end":{"line":206,"column":63}},"loc":{"start":{"line":207,"column":12},"end":{"line":207,"column":null}},"line":207}},"branchMap":{"0":{"loc":{"start":{"line":13,"column":4},"end":{"line":15,"column":null}},"type":"if","locations":[{"start":{"line":13,"column":4},"end":{"line":15,"column":null}},{"start":{},"end":{}}],"line":13},"1":{"loc":{"start":{"line":18,"column":4},"end":{"line":21,"column":null}},"type":"if","locations":[{"start":{"line":18,"column":4},"end":{"line":21,"column":null}},{"start":{},"end":{}}],"line":18},"2":{"loc":{"start":{"line":25,"column":34},"end":{"line":25,"column":73}},"type":"default-arg","locations":[{"start":{"line":25,"column":49},"end":{"line":25,"column":73}}],"line":25},"3":{"loc":{"start":{"line":29,"column":4},"end":{"line":31,"column":null}},"type":"if","locations":[{"start":{"line":29,"column":4},"end":{"line":31,"column":null}},{"start":{},"end":{}}],"line":29},"4":{"loc":{"start":{"line":35,"column":4},"end":{"line":45,"column":null}},"type":"if","locations":[{"start":{"line":35,"column":4},"end":{"line":45,"column":null}},{"start":{"line":43,"column":11},"end":{"line":45,"column":null}}],"line":35},"5":{"loc":{"start":{"line":49,"column":17},"end":{"line":49,"column":null}},"type":"binary-expr","locations":[{"start":{"line":49,"column":17},"end":{"line":49,"column":37}},{"start":{"line":49,"column":37},"end":{"line":49,"column":55}},{"start":{"line":49,"column":55},"end":{"line":49,"column":null}}],"line":49},"6":{"loc":{"start":{"line":50,"column":18},"end":{"line":50,"column":null}},"type":"binary-expr","locations":[{"start":{"line":50,"column":18},"end":{"line":50,"column":39}},{"start":{"line":50,"column":39},"end":{"line":50,"column":null}}],"line":50},"7":{"loc":{"start":{"line":56,"column":4},"end":{"line":58,"column":null}},"type":"if","locations":[{"start":{"line":56,"column":4},"end":{"line":58,"column":null}},{"start":{},"end":{}}],"line":56},"8":{"loc":{"start":{"line":66,"column":12},"end":{"line":70,"column":null}},"type":"if","locations":[{"start":{"line":66,"column":12},"end":{"line":70,"column":null}},{"start":{"line":68,"column":19},"end":{"line":70,"column":null}}],"line":66},"9":{"loc":{"start":{"line":97,"column":8},"end":{"line":97,"column":null}},"type":"if","locations":[{"start":{"line":97,"column":8},"end":{"line":97,"column":null}},{"start":{},"end":{}}],"line":97},"10":{"loc":{"start":{"line":99,"column":8},"end":{"line":105,"column":null}},"type":"if","locations":[{"start":{"line":99,"column":8},"end":{"line":105,"column":null}},{"start":{"line":101,"column":8},"end":{"line":105,"column":null}}],"line":99},"11":{"loc":{"start":{"line":99,"column":12},"end":{"line":99,"column":36}},"type":"binary-expr","locations":[{"start":{"line":99,"column":12},"end":{"line":99,"column":26}},{"start":{"line":99,"column":26},"end":{"line":99,"column":36}}],"line":99},"12":{"loc":{"start":{"line":100,"column":19},"end":{"line":100,"column":null}},"type":"binary-expr","locations":[{"start":{"line":100,"column":19},"end":{"line":100,"column":48}},{"start":{"line":100,"column":48},"end":{"line":100,"column":null}}],"line":100},"13":{"loc":{"start":{"line":101,"column":8},"end":{"line":105,"column":null}},"type":"if","locations":[{"start":{"line":101,"column":8},"end":{"line":105,"column":null}},{"start":{"line":103,"column":8},"end":{"line":105,"column":null}}],"line":101},"14":{"loc":{"start":{"line":103,"column":8},"end":{"line":105,"column":null}},"type":"if","locations":[{"start":{"line":103,"column":8},"end":{"line":105,"column":null}},{"start":{},"end":{}}],"line":103},"15":{"loc":{"start":{"line":111,"column":8},"end":{"line":119,"column":null}},"type":"cond-expr","locations":[{"start":{"line":112,"column":14},"end":{"line":118,"column":null}},{"start":{"line":119,"column":14},"end":{"line":119,"column":null}}],"line":111},"16":{"loc":{"start":{"line":111,"column":8},"end":{"line":111,"column":null}},"type":"binary-expr","locations":[{"start":{"line":111,"column":8},"end":{"line":111,"column":27}},{"start":{"line":111,"column":27},"end":{"line":111,"column":null}}],"line":111},"17":{"loc":{"start":{"line":114,"column":42},"end":{"line":116,"column":null}},"type":"cond-expr","locations":[{"start":{"line":115,"column":24},"end":{"line":115,"column":null}},{"start":{"line":116,"column":24},"end":{"line":116,"column":null}}],"line":114},"18":{"loc":{"start":{"line":123,"column":8},"end":{"line":131,"column":null}},"type":"if","locations":[{"start":{"line":123,"column":8},"end":{"line":131,"column":null}},{"start":{"line":127,"column":8},"end":{"line":131,"column":null}}],"line":123},"19":{"loc":{"start":{"line":124,"column":28},"end":{"line":124,"column":null}},"type":"binary-expr","locations":[{"start":{"line":124,"column":28},"end":{"line":124,"column":56}},{"start":{"line":124,"column":56},"end":{"line":124,"column":null}}],"line":124},"20":{"loc":{"start":{"line":125,"column":28},"end":{"line":125,"column":null}},"type":"binary-expr","locations":[{"start":{"line":125,"column":28},"end":{"line":125,"column":56}},{"start":{"line":125,"column":56},"end":{"line":125,"column":null}}],"line":125},"21":{"loc":{"start":{"line":127,"column":8},"end":{"line":131,"column":null}},"type":"if","locations":[{"start":{"line":127,"column":8},"end":{"line":131,"column":null}},{"start":{},"end":{}}],"line":127},"22":{"loc":{"start":{"line":128,"column":26},"end":{"line":128,"column":null}},"type":"binary-expr","locations":[{"start":{"line":128,"column":26},"end":{"line":128,"column":50}},{"start":{"line":128,"column":50},"end":{"line":128,"column":null}}],"line":128},"23":{"loc":{"start":{"line":129,"column":26},"end":{"line":129,"column":null}},"type":"binary-expr","locations":[{"start":{"line":129,"column":26},"end":{"line":129,"column":50}},{"start":{"line":129,"column":50},"end":{"line":129,"column":null}}],"line":129},"24":{"loc":{"start":{"line":156,"column":4},"end":{"line":158,"column":null}},"type":"if","locations":[{"start":{"line":156,"column":4},"end":{"line":158,"column":null}},{"start":{},"end":{}}],"line":156},"25":{"loc":{"start":{"line":166,"column":8},"end":{"line":170,"column":null}},"type":"if","locations":[{"start":{"line":166,"column":8},"end":{"line":170,"column":null}},{"start":{"line":168,"column":15},"end":{"line":170,"column":null}}],"line":166},"26":{"loc":{"start":{"line":191,"column":57},"end":{"line":191,"column":96}},"type":"default-arg","locations":[{"start":{"line":191,"column":72},"end":{"line":191,"column":96}}],"line":191},"27":{"loc":{"start":{"line":192,"column":4},"end":{"line":194,"column":null}},"type":"if","locations":[{"start":{"line":192,"column":4},"end":{"line":194,"column":null}},{"start":{},"end":{}}],"line":192},"28":{"loc":{"start":{"line":199,"column":4},"end":{"line":201,"column":null}},"type":"if","locations":[{"start":{"line":199,"column":4},"end":{"line":201,"column":null}},{"start":{},"end":{}}],"line":199},"29":{"loc":{"start":{"line":205,"column":4},"end":{"line":215,"column":null}},"type":"if","locations":[{"start":{"line":205,"column":4},"end":{"line":215,"column":null}},{"start":{"line":213,"column":11},"end":{"line":215,"column":null}}],"line":205},"30":{"loc":{"start":{"line":214,"column":24},"end":{"line":214,"column":64}},"type":"binary-expr","locations":[{"start":{"line":214,"column":24},"end":{"line":214,"column":47}},{"start":{"line":214,"column":47},"end":{"line":214,"column":64}}],"line":214}},"s":{"0":6,"1":0,"2":0,"3":0,"4":0,"5":0,"6":0,"7":0,"8":0,"9":0,"10":6,"11":0,"12":0,"13":0,"14":0,"15":0,"16":0,"17":0,"18":0,"19":0,"20":0,"21":0,"22":0,"23":6,"24":0,"25":0,"26":0,"27":0,"28":0,"29":0,"30":0,"31":0,"32":0,"33":0,"34":0,"35":0,"36":0,"37":0,"38":0,"39":0,"40":0,"41":0,"42":0,"43":0,"44":0,"45":0,"46":0,"47":0,"48":0,"49":0,"50":0,"51":0,"52":0,"53":0,"54":0,"55":0,"56":0,"57":0,"58":0,"59":0,"60":0,"61":0,"62":0,"63":0,"64":0,"65":0,"66":0,"67":0,"68":0,"69":0,"70":0,"71":0,"72":0,"73":0,"74":0,"75":0,"76":0,"77":0,"78":0,"79":0,"80":0,"81":6,"82":0,"83":0,"84":0,"85":0,"86":6,"87":0,"88":6,"89":0,"90":0,"91":0,"92":0,"93":0,"94":0,"95":0,"96":0,"97":0,"98":0,"99":0,"100":0,"101":0,"102":0,"103":0,"104":0,"105":0,"106":0,"107":0,"108":0,"109":0,"110":0,"111":0,"112":6,"113":0,"114":0,"115":0,"116":0,"117":0,"118":0,"119":0,"120":0,"121":0,"122":0,"123":0,"124":0,"125":0,"126":0},"f":{"0":0,"1":0,"2":0,"3":0,"4":0,"5":0,"6":0,"7":0,"8":0,"9":0,"10":0,"11":0,"12":0,"13":0,"14":0,"15":0,"16":0,"17":0,"18":0,"19":0,"20":0,"21":0,"22":0,"23":0,"24":0},"b":{"0":[0,0],"1":[0,0],"2":[0],"3":[0,0],"4":[0,0],"5":[0,0,0],"6":[0,0],"7":[0,0],"8":[0,0],"9":[0,0],"10":[0,0],"11":[0,0],"12":[0,0],"13":[0,0],"14":[0,0],"15":[0,0],"16":[0,0],"17":[0,0],"18":[0,0],"19":[0,0],"20":[0,0],"21":[0,0],"22":[0,0],"23":[0,0],"24":[0,0],"25":[0,0],"26":[0],"27":[0,0],"28":[0,0],"29":[0,0],"30":[0,0]},"meta":{"lastBranch":31,"lastFunction":25,"lastStatement":127,"seen":{"s:9:35:23:Infinity":0,"f:9:35:9:42":0,"s:10:21:10:Infinity":1,"s:11:19:11:Infinity":2,"b:13:4:15:Infinity:undefined:undefined:undefined:undefined":0,"s:13:4:15:Infinity":3,"s:14:8:14:Infinity":4,"s:17:21:17:Infinity":5,"b:18:4:21:Infinity:undefined:undefined:undefined:undefined":1,"s:18:4:21:Infinity":6,"s:19:8:19:Infinity":7,"s:20:8:20:Infinity":8,"s:22:4:22:Infinity":9,"s:25:27:46:Infinity":10,"f:25:27:25:34":1,"b:25:49:25:73":2,"s:26:21:26:Infinity":11,"s:27:19:27:Infinity":12,"b:29:4:31:Infinity:undefined:undefined:undefined:undefined":3,"s:29:4:31:Infinity":13,"s:30:8:30:Infinity":14,"s:33:21:33:Infinity":15,"b:35:4:45:Infinity:43:11:45:Infinity":4,"s:35:4:45:Infinity":16,"s:36:37:38:Infinity":17,"f:36:62:36:63":2,"s:37:12:37:Infinity":18,"s:40:23:40:Infinity":19,"s:41:8:41:Infinity":20,"s:42:8:42:Infinity":21,"s:44:8:44:Infinity":22,"s:48:35:138:Infinity":23,"f:48:35:48:42":3,"s:49:17:49:Infinity":24,"b:49:17:49:37:49:37:49:55:49:55:49:Infinity":5,"s:50:18:50:Infinity":25,"b:50:18:50:39:50:39:50:Infinity":6,"s:53:21:53:Infinity":26,"s:54:19:54:Infinity":27,"b:56:4:58:Infinity:undefined:undefined:undefined:undefined":7,"s:56:4:58:Infinity":28,"s:57:8:57:Infinity":29,"s:60:41:60:Infinity":30,"s:62:4:74:Infinity":31,"s:64:8:71:Infinity":32,"s:64:21:64:24":33,"s:65:29:65:Infinity":34,"b:66:12:70:Infinity:68:19:70:Infinity":8,"s:66:12:70:Infinity":35,"s:67:16:67:Infinity":36,"s:69:16:69:Infinity":37,"s:73:8:73:Infinity":38,"s:77:35:79:Infinity":39,"f:77:46:77:47":4,"s:78:8:78:Infinity":40,"s:81:27:81:Infinity":41,"s:84:27:88:Infinity":42,"f:84:49:84:50":5,"s:85:28:85:Infinity":43,"f:85:56:85:57":6,"s:85:67:85:93":44,"s:86:29:86:Infinity":45,"f:86:48:86:49":7,"s:86:59:86:78":46,"s:87:8:87:Infinity":47,"f:87:33:87:34":8,"s:87:50:87:83":48,"s:91:23:91:Infinity":49,"s:92:21:92:Infinity":50,"s:94:27:107:Infinity":51,"f:94:49:94:50":9,"s:95:28:95:Infinity":52,"b:97:8:97:Infinity:undefined:undefined:undefined:undefined":9,"s:97:8:97:Infinity":53,"s:97:32:97:Infinity":54,"b:99:8:105:Infinity:101:8:105:Infinity":10,"s:99:8:105:Infinity":55,"b:99:12:99:26:99:26:99:36":11,"s:100:12:100:Infinity":56,"b:100:19:100:48:100:48:100:Infinity":12,"b:101:8:105:Infinity:103:8:105:Infinity":13,"s:101:8:105:Infinity":57,"s:102:12:102:Infinity":58,"b:103:8:105:Infinity:undefined:undefined:undefined:undefined":14,"s:103:8:105:Infinity":59,"s:104:12:104:Infinity":60,"s:106:8:106:Infinity":61,"s:111:8:119:Infinity":62,"b:112:14:118:Infinity:119:14:119:Infinity":15,"b:111:8:111:27:111:27:111:Infinity":16,"f:112:36:112:37":10,"s:113:41:113:Infinity":63,"f:113:71:113:72":11,"s:113:84:113:112":64,"s:114:42:116:Infinity":65,"b:115:24:115:Infinity:116:24:116:Infinity":17,"f:115:44:115:45":12,"s:115:57:115:78":66,"s:117:18:117:Infinity":67,"f:117:46:117:47":13,"s:117:65:117:103":68,"s:122:25:133:Infinity":69,"f:122:46:122:47":14,"b:123:8:131:Infinity:127:8:131:Infinity":18,"s:123:8:131:Infinity":70,"s:124:28:124:Infinity":71,"b:124:28:124:56:124:56:124:Infinity":19,"s:125:28:125:Infinity":72,"b:125:28:125:56:125:56:125:Infinity":20,"s:126:12:126:Infinity":73,"b:127:8:131:Infinity:undefined:undefined:undefined:undefined":21,"s:127:8:131:Infinity":74,"s:128:26:128:Infinity":75,"b:128:26:128:50:128:50:128:Infinity":22,"s:129:26:129:Infinity":76,"b:129:26:129:50:129:50:129:Infinity":23,"s:130:12:130:Infinity":77,"s:132:8:132:Infinity":78,"s:136:4:136:Infinity":79,"s:137:4:137:Infinity":80,"s:140:36:146:Infinity":81,"f:140:36:140:43":15,"s:141:19:141:Infinity":82,"s:142:4:145:Infinity":83,"f:142:25:142:26":16,"s:143:23:143:Infinity":84,"s:144:8:144:Infinity":85,"s:148:33:150:Infinity":86,"f:148:33:148:40":17,"s:149:4:149:Infinity":87,"s:152:38:189:Infinity":88,"f:152:38:152:45":18,"s:153:21:153:Infinity":89,"s:154:19:154:Infinity":90,"b:156:4:158:Infinity:undefined:undefined:undefined:undefined":24,"s:156:4:158:Infinity":91,"s:157:8:157:Infinity":92,"s:160:18:160:Infinity":93,"s:161:41:161:Infinity":94,"s:164:4:171:Infinity":95,"s:164:20:164:23":96,"s:165:25:165:Infinity":97,"b:166:8:170:Infinity:168:15:170:Infinity":25,"s:166:8:170:Infinity":98,"s:167:12:167:Infinity":99,"s:169:12:169:Infinity":100,"s:174:35:176:Infinity":101,"f:174:46:174:47":19,"s:175:8:175:Infinity":102,"s:178:27:178:Infinity":103,"s:181:24:185:Infinity":104,"f:181:46:181:47":20,"s:182:28:182:Infinity":105,"f:182:55:182:56":21,"s:182:66:182:78":106,"s:183:31:183:Infinity":107,"f:183:45:183:46":22,"s:183:56:183:83":108,"s:184:8:184:Infinity":109,"s:187:4:187:Infinity":110,"s:188:4:188:Infinity":111,"s:191:35:216:Infinity":112,"f:191:35:191:42":23,"b:191:72:191:96":26,"b:192:4:194:Infinity:undefined:undefined:undefined:undefined":27,"s:192:4:194:Infinity":113,"s:193:8:193:Infinity":114,"s:196:21:196:Infinity":115,"s:197:19:197:Infinity":116,"b:199:4:201:Infinity:undefined:undefined:undefined:undefined":28,"s:199:4:201:Infinity":117,"s:200:8:200:Infinity":118,"s:203:21:203:Infinity":119,"b:205:4:215:Infinity:213:11:215:Infinity":29,"s:205:4:215:Infinity":120,"s:206:37:208:Infinity":121,"f:206:62:206:63":24,"s:207:12:207:Infinity":122,"s:210:23:210:Infinity":123,"s:211:8:211:Infinity":124,"s:212:8:212:Infinity":125,"s:214:8:214:Infinity":126,"b:214:24:214:47:214:47:214:64":30}}}
,"/home/andrew/projects/GraduationProject/src/stores/slices/authSlice.ts": {"path":"/home/andrew/projects/GraduationProject/src/stores/slices/authSlice.ts","statementMap":{"0":{"start":{"line":9,"column":32},"end":{"line":13,"column":null}},"1":{"start":{"line":15,"column":6},"end":{"line":39,"column":null}},"2":{"start":{"line":21,"column":12},"end":{"line":21,"column":null}},"3":{"start":{"line":25,"column":12},"end":{"line":25,"column":null}},"4":{"start":{"line":29,"column":12},"end":{"line":29,"column":null}},"5":{"start":{"line":33,"column":12},"end":{"line":33,"column":null}},"6":{"start":{"line":36,"column":12},"end":{"line":36,"column":null}},"7":{"start":{"line":47,"column":4},"end":{"line":47,"column":null}}},"fnMap":{"0":{"name":"(anonymous_0)","decl":{"start":{"line":20,"column":16},"end":{"line":20,"column":17}},"loc":{"start":{"line":20,"column":27},"end":{"line":22,"column":null}},"line":20},"1":{"name":"(anonymous_1)","decl":{"start":{"line":24,"column":26},"end":{"line":24,"column":27}},"loc":{"start":{"line":24,"column":67},"end":{"line":26,"column":null}},"line":24},"2":{"name":"(anonymous_2)","decl":{"start":{"line":28,"column":27},"end":{"line":28,"column":28}},"loc":{"start":{"line":28,"column":69},"end":{"line":30,"column":null}},"line":28},"3":{"name":"(anonymous_3)","decl":{"start":{"line":32,"column":29},"end":{"line":32,"column":30}},"loc":{"start":{"line":32,"column":40},"end":{"line":34,"column":null}},"line":32},"4":{"name":"(anonymous_4)","decl":{"start":{"line":35,"column":25},"end":{"line":35,"column":26}},"loc":{"start":{"line":35,"column":74},"end":{"line":37,"column":null}},"line":35}},"branchMap":{},"s":{"0":6,"1":6,"2":0,"3":0,"4":0,"5":0,"6":0,"7":6},"f":{"0":0,"1":0,"2":0,"3":0,"4":0},"b":{},"meta":{"lastBranch":0,"lastFunction":5,"lastStatement":8,"seen":{"s:9:32:13:Infinity":0,"s:15:6:39:Infinity":1,"f:20:16:20:17":0,"s:21:12:21:Infinity":2,"f:24:26:24:27":1,"s:25:12:25:Infinity":3,"f:28:27:28:28":2,"s:29:12:29:Infinity":4,"f:32:29:32:30":3,"s:33:12:33:Infinity":5,"f:35:25:35:26":4,"s:36:12:36:Infinity":6,"s:47:4:47:Infinity":7}}}
,"/home/andrew/projects/GraduationProject/src/stores/slices/favouritesSlice.ts": {"path":"/home/andrew/projects/GraduationProject/src/stores/slices/favouritesSlice.ts","statementMap":{"0":{"start":{"line":9,"column":38},"end":{"line":9,"column":null}},"1":{"start":{"line":11,"column":6},"end":{"line":28,"column":null}},"2":{"start":{"line":16,"column":26},"end":{"line":16,"column":null}},"3":{"start":{"line":17,"column":34},"end":{"line":17,"column":null}},"4":{"start":{"line":17,"column":59},"end":{"line":17,"column":86}},"5":{"start":{"line":19,"column":12},"end":{"line":25,"column":null}},"6":{"start":{"line":21,"column":16},"end":{"line":21,"column":null}},"7":{"start":{"line":24,"column":16},"end":{"line":24,"column":null}},"8":{"start":{"line":30,"column":32},"end":{"line":30,"column":null}},"9":{"start":{"line":30,"column":54},"end":{"line":30,"column":null}},"10":{"start":{"line":31,"column":35},"end":{"line":31,"column":null}}},"fnMap":{"0":{"name":"(anonymous_0)","decl":{"start":{"line":15,"column":8},"end":{"line":15,"column":24}},"loc":{"start":{"line":15,"column":61},"end":{"line":26,"column":null}},"line":15},"1":{"name":"(anonymous_1)","decl":{"start":{"line":17,"column":50},"end":{"line":17,"column":51}},"loc":{"start":{"line":17,"column":59},"end":{"line":17,"column":86}},"line":17},"2":{"name":"(anonymous_2)","decl":{"start":{"line":30,"column":32},"end":{"line":30,"column":33}},"loc":{"start":{"line":30,"column":54},"end":{"line":30,"column":null}},"line":30}},"branchMap":{"0":{"loc":{"start":{"line":19,"column":12},"end":{"line":25,"column":null}},"type":"if","locations":[{"start":{"line":19,"column":12},"end":{"line":25,"column":null}},{"start":{"line":22,"column":19},"end":{"line":25,"column":null}}],"line":19}},"s":{"0":6,"1":6,"2":0,"3":0,"4":0,"5":0,"6":0,"7":0,"8":6,"9":0,"10":6},"f":{"0":0,"1":0,"2":0},"b":{"0":[0,0]},"meta":{"lastBranch":1,"lastFunction":3,"lastStatement":11,"seen":{"s:9:38:9:Infinity":0,"s:11:6:28:Infinity":1,"f:15:8:15:24":0,"s:16:26:16:Infinity":2,"s:17:34:17:Infinity":3,"f:17:50:17:51":1,"s:17:59:17:86":4,"b:19:12:25:Infinity:22:19:25:Infinity":0,"s:19:12:25:Infinity":5,"s:21:16:21:Infinity":6,"s:24:16:24:Infinity":7,"s:30:32:30:Infinity":8,"f:30:32:30:33":2,"s:30:54:30:Infinity":9,"s:31:35:31:Infinity":10}}}
,"/home/andrew/projects/GraduationProject/src/stores/slices/filtersSlice.ts": {"path":"/home/andrew/projects/GraduationProject/src/stores/slices/filtersSlice.ts","statementMap":{"0":{"start":{"line":8,"column":13},"end":{"line":22,"column":null}},"1":{"start":{"line":11,"column":8},"end":{"line":20,"column":null}},"2":{"start":{"line":12,"column":12},"end":{"line":12,"column":null}},"3":{"start":{"line":14,"column":29},"end":{"line":14,"column":null}},"4":{"start":{"line":16,"column":12},"end":{"line":16,"column":null}},"5":{"start":{"line":19,"column":12},"end":{"line":19,"column":null}},"6":{"start":{"line":24,"column":35},"end":{"line":34,"column":null}},"7":{"start":{"line":37,"column":29},"end":{"line":37,"column":null}},"8":{"start":{"line":37,"column":67},"end":{"line":37,"column":null}},"9":{"start":{"line":39,"column":13},"end":{"line":46,"column":null}},"10":{"start":{"line":42,"column":23},"end":{"line":42,"column":null}},"11":{"start":{"line":43,"column":22},"end":{"line":43,"column":null}},"12":{"start":{"line":44,"column":8},"end":{"line":44,"column":null}},"13":{"start":{"line":48,"column":6},"end":{"line":89,"column":null}},"14":{"start":{"line":53,"column":12},"end":{"line":53,"column":null}},"15":{"start":{"line":54,"column":12},"end":{"line":54,"column":null}},"16":{"start":{"line":55,"column":12},"end":{"line":55,"column":null}},"17":{"start":{"line":56,"column":12},"end":{"line":56,"column":null}},"18":{"start":{"line":57,"column":12},"end":{"line":57,"column":null}},"19":{"start":{"line":58,"column":12},"end":{"line":58,"column":null}},"20":{"start":{"line":59,"column":12},"end":{"line":59,"column":null}},"21":{"start":{"line":60,"column":12},"end":{"line":60,"column":null}},"22":{"start":{"line":61,"column":12},"end":{"line":61,"column":null}},"23":{"start":{"line":65,"column":12},"end":{"line":65,"column":null}},"24":{"start":{"line":66,"column":12},"end":{"line":66,"column":null}},"25":{"start":{"line":67,"column":12},"end":{"line":67,"column":null}},"26":{"start":{"l
[...]
:{"start":{"line":118,"column":16},"end":{"line":118,"column":null}},"39":{"start":{"line":119,"column":16},"end":{"line":119,"column":null}},"40":{"start":{"line":122,"column":16},"end":{"line":122,"column":null}},"41":{"start":{"line":123,"column":16},"end":{"line":123,"column":null}},"42":{"start":{"line":126,"column":16},"end":{"line":126,"column":null}},"43":{"start":{"line":127,"column":16},"end":{"line":127,"column":null}},"44":{"start":{"line":130,"column":16},"end":{"line":130,"column":null}},"45":{"start":{"line":131,"column":16},"end":{"line":131,"column":null}},"46":{"start":{"line":132,"column":16},"end":{"line":132,"column":null}},"47":{"start":{"line":135,"column":16},"end":{"line":135,"column":null}},"48":{"start":{"line":136,"column":16},"end":{"line":136,"column":null}},"49":{"start":{"line":139,"column":16},"end":{"line":139,"column":null}},"50":{"start":{"line":140,"column":16},"end":{"line":140,"column":null}},"51":{"start":{"line":143,"column":20},"end":{"line":143,"column":null}},"52":{"start":{"line":144,"column":20},"end":{"line":144,"column":null}},"53":{"start":{"line":147,"column":16},"end":{"line":147,"column":null}},"54":{"start":{"line":148,"column":16},"end":{"line":148,"column":null}},"55":{"start":{"line":151,"column":16},"end":{"line":151,"column":null}},"56":{"start":{"line":152,"column":16},"end":{"line":152,"column":null}},"57":{"start":{"line":155,"column":16},"end":{"line":155,"column":null}},"58":{"start":{"line":156,"column":16},"end":{"line":156,"column":null}},"59":{"start":{"line":159,"column":16},"end":{"line":159,"column":null}},"60":{"start":{"line":160,"column":16},"end":{"line":160,"column":null}},"61":{"start":{"line":163,"column":16},"end":{"line":163,"column":null}},"62":{"start":{"line":164,"column":16},"end":{"line":164,"column":null}},"63":{"start":{"line":169,"column":83},"end":{"line":169,"column":null}}},"fnMap":{"0":{"name":"(anonymous_0)","decl":{"start":{"line":7,"column":4},"end":{"line":7,"column":11}},"loc":{"start":{"line":7,"column":30},"end":{"line":9,"column":null}},"line":7},"1":{"name":"(anonymous_1)","decl":{"start":{"line":14,"column":4},"end":{"line":14,"column":11}},"loc":{"start":{"line":14,"column":64},"end":{"line":16,"column":null}},"line":14},"2":{"name":"(anonymous_2)","decl":{"start":{"line":21,"column":4},"end":{"line":21,"column":11}},"loc":{"start":{"line":21,"column":28},"end":{"line":23,"column":null}},"line":21},"3":{"name":"(anonymous_3)","decl":{"start":{"line":28,"column":4},"end":{"line":28,"column":11}},"loc":{"start":{"line":28,"column":48},"end":{"line":30,"column":null}},"line":28},"4":{"name":"(anonymous_4)","decl":{"start":{"line":35,"column":4},"end":{"line":35,"column":11}},"loc":{"start":{"line":35,"column":28},"end":{"line":37,"column":null}},"line":35},"5":{"name":"(anonymous_5)","decl":{"start":{"line":42,"column":4},"end":{"line":42,"column":11}},"loc":{"start":{"line":42,"column":72},"end":{"line":44,"column":null}},"line":42},"6":{"name":"(anonymous_6)","decl":{"start":{"line":49,"column":4},"end":{"line":49,"column":11}},"loc":{"start":{"line":49,"column":32},"end":{"line":51,"column":null}},"line":49},"7":{"name":"(anonymous_7)","decl":{"start":{"line":66,"column":8},"end":{"line":66,"column":22}},"loc":{"start":{"line":66,"column":29},"end":{"line":68,"column":null}},"line":66},"8":{"name":"(anonymous_8)","decl":{"start":{"line":69,"column":8},"end":{"line":69,"column":26}},"loc":{"start":{"line":69,"column":33},"end":{"line":71,"column":null}},"line":69},"9":{"name":"(anonymous_9)","decl":{"start":{"line":72,"column":8},"end":{"line":72,"column":22}},"loc":{"start":{"line":72,"column":29},"end":{"line":74,"column":null}},"line":72},"10":{"name":"(anonymous_10)","decl":{"start":{"line":75,"column":8},"end":{"line":75,"column":23}},"loc":{"start":{"line":75,"column":30},"end":{"line":77,"column":null}},"line":75},"11":{"name":"(anonymous_11)","decl":{"start":{"line":79,"column":19},"end":{"line":79,"column":20}},"loc":{"start":{"line":79,"column":32},"end":{"line":166,"column":null}},"line":79},"12":{"name":"(anonymous_12)","decl":{"start":{"line":81,"column":47},"end":{"line":81,"column":48}},"loc":{"start":{"line":81,"column":58},"end":{"line":84,"column":13}},"line":81},"13":{"name":"(anonymous_13)","decl":{"start":{"line":85,"column":49},"end":{"line":85,"column":50}},"loc":{"start":{"line":85,"column":68},"end":{"line":88,"column":13}},"line":85},"14":{"name":"(anonymous_14)","decl":{"start":{"line":89,"column":48},"end":{"line":89,"column":49}},"loc":{"start":{"line":89,"column":67},"end":{"line":92,"column":13}},"line":89},"15":{"name":"(anonymous_15)","decl":{"start":{"line":93,"column":55},"end":{"line":93,"column":56}},"loc":{"start":{"line":93,"column":66},"end":{"line":96,"column":13}},"line":93},"16":{"name":"(anonymous_16)","decl":{"start":{"line":97,"column":57},"end":{"line":97,"column":58}},"loc":{"start":{"line":97,"column":76},"end":{"line":100,"column":13}},"line":97},"17":{"name":"(anonymous_17)","decl":{"start":{"line":101,"column":56},"end":{"line":101,"column":57}},"loc":{"start":{"line":101,"column":75},"end":{"line":104,"column":13}},"line":101},"18":{"name":"(anonymous_18)","decl":{"start":{"line":105,"column":50},"end":{"line":105,"column":51}},"loc":{"start":{"line":105,"column":61},"end":{"line":108,"column":13}},"line":105},"19":{"name":"(anonymous_19)","decl":{"start":{"line":109,"column":52},"end":{"line":109,"column":53}},"loc":{"start":{"line":109,"column":71},"end":{"line":112,"column":13}},"line":109},"20":{"name":"(anonymous_20)","decl":{"start":{"line":113,"column":51},"end":{"line":113,"column":52}},"loc":{"start":{"line":113,"column":70},"end":{"line":116,"column":13}},"line":113},"21":{"name":"(anonymous_21)","decl":{"start":{"line":117,"column":56},"end":{"line":117,"column":57}},"loc":{"start":{"line":117,"column":67},"end":{"line":120,"column":13}},"line":117},"22":{"name":"(anonymous_22)","decl":{"start":{"line":121,"column":58},"end":{"line":121,"column":59}},"loc":{"start":{"line":121,"column":77},"end":{"line":124,"column":13}},"line":121},"23":{"name":"(anonymous_23)","decl":{"start":{"line":125,"column":57},"end":{"line":125,"column":58}},"loc":{"start":{"line":125,"column":76},"end":{"line":128,"column":13}},"line":125},"24":{"name":"(anonymous_24)","decl":{"start":{"line":129,"column":53},"end":{"line":129,"column":54}},"loc":{"start":{"line":129,"column":64},"end":{"line":133,"column":13}},"line":129},"25":{"name":"(anonymous_25)","decl":{"start":{"line":134,"column":55},"end":{"line":134,"column":56}},"loc":{"start":{"line":134,"column":74},"end":{"line":137,"column":13}},"line":134},"26":{"name":"(anonymous_26)","decl":{"start":{"line":138,"column":54},"end":{"line":138,"column":55}},"loc":{"start":{"line":138,"column":73},"end":{"line":141,"column":13}},"line":138},"27":{"name":"(anonymous_27)","decl":{"start":{"line":142,"column":58},"end":{"line":142,"column":59}},"loc":{"start":{"line":142,"column":69},"end":{"line":145,"column":17}},"line":142},"28":{"name":"(anonymous_28)","decl":{"start":{"line":146,"column":60},"end":{"line":146,"column":61}},"loc":{"start":{"line":146,"column":79},"end":{"line":149,"column":13}},"line":146},"29":{"name":"(anonymous_29)","decl":{"start":{"line":150,"column":59},"end":{"line":150,"column":60}},"loc":{"start":{"line":150,"column":78},"end":{"line":153,"column":13}},"line":150},"30":{"name":"(anonymous_30)","decl":{"start":{"line":154,"column":55},"end":{"line":154,"column":56}},"loc":{"start":{"line":154,"column":66},"end":{"line":157,"column":13}},"line":154},"31":{"name":"(anonymous_31)","decl":{"start":{"line":158,"column":57},"end":{"line":158,"column":58}},"loc":{"start":{"line":158,"column":76},"end":{"line":161,"column":13}},"line":158},"32":{"name":"(anonymous_32)","decl":{"start":{"line":162,"column":56},"end":{"line":162,"column":57}},"loc":{"start":{"line":162,"column":75},"end":{"line":165,"column":13}},"line":162}},"branchMap":{"0":{"loc":{"start":{"line":91,"column":30},"end":{"line":91,"column":null}},"type":"binary-expr","locations":[{"start":{"line":91,"column":30},"end":{"line":91,"column":54}},{"start":{"line":91,"column":54},"end":{"line":91,"column":null}}],"line":91},"1":{"loc":{"start":{"line":103,"column":30},"end":{"line":103,"column":null}},"type":"binary-expr","locations":[{"start":{"line":103,"column":30},"end":{"line":103,"column":54}},{"start":{"line":103,"column":54},"end":{"line":103,"column":null}}],"line":103},"2":{"loc":{"start":{"line":115,"column":30},"end":{"line":115,"column":null}},"type":"binary-expr","locations":[{"start":{"line":115,"column":30},"end":{"line":115,"column":54}},{"start":{"line":115,"column":54},"end":{"line":115,"column":null}}],"line":115},"3":{"loc":{"start":{"line":127,"column":30},"end":{"line":127,"column":null}},"type":"binary-expr","locations":[{"start":{"line":127,"column":30},"end":{"line":127,"column":54}},{"start":{"line":127,"column":54},"end":{"line":127,"column":null}}],"line":127},"4":{"loc":{"start":{"line":140,"column":30},"end":{"line":140,"column":null}},"type":"binary-expr","locations":[{"start":{"line":140,"column":30},"end":{"line":140,"column":54}},{"start":{"line":140,"column":54},"end":{"line":140,"column":null}}],"line":140},"5":{"loc":{"start":{"line":152,"column":30},"end":{"line":152,"column":null}},"type":"binary-expr","locations":[{"start":{"line":152,"column":30},"end":{"line":152,"column":54}},{"start":{"line":152,"column":54},"end":{"line":152,"column":null}}],"line":152},"6":{"loc":{"start":{"line":164,"column":30},"end":{"line":164,"column":null}},"type":"binary-expr","locations":[{"start":{"line":164,"column":30},"end":{"line":164,"column":54}},{"start":{"line":164,"column":54},"end":{"line":164,"column":null}}],"line":164}},"s":{"0":6,"1":0,"2":6,"3":0,"4":6,"5":0,"6":6,"7":0,"8":6,"9":0,"10":6,"11":0,"12":6,"13":0,"14":6,"15":0,"16":0,"17":0,"18":0,"19":6,"20":0,"21":0,"22":0,"23":0,"24":0,"25":0,"26":0,"27":0,"28":0,"29":0,"30":0,"31":0,"32":0,"33":0,"34":0,"35":0,"36":0,"37":0,"38":0,"39":0,"40":0,"41":0,"42":0,"43":0,"44":0,"45":0,"46":0,"47":0,"48":0,"49":0,"50":0,"51":0,"52":0,"53":0,"54":0,"55":0,"56":0,"57":0,"58":0,"59":0,"60":0,"61":0,"62":0,"63":6},"f":{"0":0,"1":0,"2":0,"3":0,"4":0,"5":0,"6":0,"7":0,"8":0,"9":0,"10":0,"11":6,"12":0,"13":0,"14":0,"15":0,"16":0,"17":0,"18":0,"19":0,"20":0,"21":0,"22":0,"23":0,"24":0,"25":0,"26":0,"27":0,"28":0,"29":0,"30":0,"31":0,"32":0},"b":{"0":[0,0],"1":[0,0],"2":[0,0],"3":[0,0],"4":[0,0],"5":[0,0],"6":[0,0]},"meta":{"lastBranch":7,"lastFunction":33,"lastStatement":64,"seen":{"s:5:13:10:Infinity":0,"f:7:4:7:11":0,"s:8:8:8:Infinity":1,"s:12:13:17:Infinity":2,"f:14:4:14:11":1,"s:15:8:15:Infinity":3,"s:19:13:24:Infinity":4,"f:21:4:21:11":2,"s:22:8:22:Infinity":5,"s:26:13:31:Infinity":6,"f:28:4:28:11":3,"s:29:8:29:Infinity":7,"s:33:13:38:Infinity":8,"f:35:4:35:11":4,"s:36:8:36:Infinity":9,"s:40:13:45:Infinity":10,"f:42:4:42:11":5,"s:43:8:43:Infinity":11,"s:47:13:52:Infinity":12,"f:49:4:49:11":6,"s:50:8:50:Infinity":13,"s:54:6:167:Infinity":14,"f:66:8:66:22":7,"s:67:12:67:Infinity":15,"f:69:8:69:26":8,"s:70:12:70:Infinity":16,"f:72:8:72:22":9,"s:73:12:73:Infinity":17,"f:75:8:75:23":10,"s:76:12:76:Infinity":18,"f:79:19:79:20":11,"s:80:8:165:Infinity":19,"f:81:47:81:48":12,"s:82:16:82:Infinity":20,"s:83:16:83:Infinity":21,"f:85:49:85:50":13,"s:86:16:86:Infinity":22,"s:87:16:87:Infinity":23,"f:89:48:89:49":14,"s:90:16:90:Infinity":24,"s:91:16:91:Infinity":25,"b:91:30:91:54:91:54:91:Infinity":0,"f:93:55:93:56":15,"s:94:16:94:Infinity":26,"s:95:16:95:Infinity":27,"f:97:57:97:58":16,"s:98:16:98:Infinity":28,"s:99:16:99:Infinity":29,"f:101:56:101:57":17,"s:102:16:102:Infinity":30,"s:103:16:103:Infinity":31,"b:103:30:103:54:103:54:103:Infinity":1,"f:105:50:105:51":18,"s:106:16:106:Infinity":32,"s:107:16:107:Infinity":33,"f:109:52:109:53":19,"s:110:16:110:Infinity":34,"s:111:16:111:Infinity":35,"f:113:51:113:52":20,"s:114:16:114:Infinity":36,"s:115:16:115:Infinity":37,"b:115:30:115:54:115:54:115:Infinity":2,"f:117:56:117:57":21,"s:118:16:118:Infinity":38,"s:119:16:119:Infinity":39,"f:121:58:121:59":22,"s:122:16:122:Infinity":40,"s:123:16:123:Infinity":41,"f:125:57:125:58":23,"s:126:16:126:Infinity":42,"s:127:16:127:Infinity":43,"b:127:30:127:54:127:54:127:Infinity":3,"f:129:53:129:54":24,"s:130:16:130:Infinity":44,"s:131:16:131:Infinity":45,"s:132:16:132:Infinity":46,"f:134:55:134:56":25,"s:135:16:135:Infinity":47,"s:136:16:136:Infinity":48,"f:138:54:138:55":26,"s:139:16:139:Infinity":49,"s:140:16:140:Infinity":50,"b:140:30:140:54:140:54:140:Infinity":4,"f:142:58:142:59":27,"s:143:20:143:Infinity":51,"s:144:20:144:Infinity":52,"f:146:60:146:61":28,"s:147:16:147:Infinity":53,"s:148:16:148:Infinity":54,"f:150:59:150:60":29,"s:151:16:151:Infinity":55,"s:152:16:152:Infinity":56,"b:152:30:152:54:152:54:152:Infinity":5,"f:154:55:154:56":30,"s:155:16:155:Infinity":57,"s:156:16:156:Infinity":58,"f:158:57:158:58":31,"s:159:16:159:Infinity":59,"s:160:16:160:Infinity":60,"f:162:56:162:57":32,"s:163:16:163:Infinity":61,"s:164:16:164:Infinity":62,"b:164:30:164:54:164:54:164:Infinity":6,"s:169:83:169:Infinity":63}}}
,"/home/andrew/projects/GraduationProject/src/stores/slices/themeSlice.ts": {"path":"/home/andrew/projects/GraduationProject/src/stores/slices/themeSlice.ts","statementMap":{"0":{"start":{"line":7,"column":33},"end":{"line":9,"column":null}},"1":{"start":{"line":11,"column":6},"end":{"line":19,"column":null}},"2":{"start":{"line":16,"column":12},"end":{"line":16,"column":null}},"3":{"start":{"line":21,"column":31},"end":{"line":21,"column":null}}},"fnMap":{"0":{"name":"(anonymous_0)","decl":{"start":{"line":15,"column":21},"end":{"line":15,"column":22}},"loc":{"start":{"line":15,"column":64},"end":{"line":17,"column":null}},"line":15}},"branchMap":{},"s":{"0":6,"1":6,"2":0,"3":6},"f":{"0":0},"b":{},"meta":{"lastBranch":0,"lastFunction":1,"lastStatement":4,"seen":{"s:7:33:9:Infinity":0,"s:11:6:19:Infinity":1,"f:15:21:15:22":0,"s:16:12:16:Infinity":2,"s:21:31:21:Infinity":3}}}
,"/home/andrew/projects/GraduationProject/src/stores/slices/toastSlice.ts": {"path":"/home/andrew/projects/GraduationProject/src/stores/slices/toastSlice.ts","statementMap":{"0":{"start":{"line":16,"column":33},"end":{"line":18,"column":null}},"1":{"start":{"line":20,"column":6},"end":{"line":38,"column":null}},"2":{"start":{"line":25,"column":23},"end":{"line":25,"column":null}},"3":{"start":{"line":26,"column":12},"end":{"line":29,"column":null}},"4":{"start":{"line":32,"column":12},"end":{"line":32,"column":null}},"5":{"start":{"line":32,"column":56},"end":{"line":32,"column":83}},"6":{"start":{"line":35,"column":12},"end":{"line":35,"column":null}},"7":{"start":{"line":40,"column":57},"end":{"line":40,"column":null}}},"fnMap":{"0":{"name":"(anonymous_0)","decl":{"start":{"line":24,"column":18},"end":{"line":24,"column":19}},"loc":{"start":{"line":24,"column":71},"end":{"line":30,"column":null}},"line":24},"1":{"name":"(anonymous_1)","decl":{"start":{"line":31,"column":21},"end":{"line":31,"column":22}},"loc":{"start":{"line":31,"column":63},"end":{"line":33,"column":null}},"line":31},"2":{"name":"(anonymous_2)","decl":{"start":{"line":32,"column":47},"end":{"line":32,"column":56}},"loc":{"start":{"line":32,"column":56},"end":{"line":32,"column":83}},"line":32},"3":{"name":"(anonymous_3)","decl":{"start":{"line":34,"column":24},"end":{"line":34,"column":25}},"loc":{"start":{"line":34,"column":35},"end":{"line":36,"column":null}},"line":34}},"branchMap":{},"s":{"0":6,"1":6,"2":0,"3":0,"4":0,"5":0,"6":0,"7":6},"f":{"0":0,"1":0,"2":0,"3":0},"b":{},"meta":{"lastBranch":0,"lastFunction":4,"lastStatement":8,"seen":{"s:16:33:18:Infinity":0,"s:20:6:38:Infinity":1,"f:24:18:24:19":0,"s:25:23:25:Infinity":2,"s:26:12:29:Infinity":3,"f:31:21:31:22":1,"s:32:12:32:Infinity":4,"f:32:47:32:56":2,"s:32:56:32:83":5,"f:34:24:34:25":3,"s:35:12:35:Infinity":6,"s:40:57:40:Infinity":7}}}
,"/home/andrew/projects/GraduationProject/src/styles/_globals.scss": {"path":"/home/andrew/projects/GraduationProject/src/styles/_globals.scss","statementMap":{},"fnMap":{},"branchMap":{},"s":{},"f":{},"b":{},"meta":{"lastBranch":0,"lastFunction":0,"lastStatement":0,"seen":{}}}
,"/home/andrew/projects/GraduationProject/src/utils/apiCache.ts": {"path":"/home/andrew/projects/GraduationProject/src/utils/apiCache.ts","statementMap":{"0":{"start":{"line":16,"column":8},"end":{"line":16,"column":null}},"1":{"start":{"line":17,"column":8},"end":{"line":17,"column":null}},"2":{"start":{"line":24,"column":22},"end":{"line":24,"column":null}},"3":{"start":{"line":25,"column":8},"end":{"line":25,"column":null}},"4":{"start":{"line":25,"column":20},"end":{"line":25,"column":null}},"5":{"start":{"line":27,"column":26},"end":{"line":27,"column":null}},"6":{"start":{"line":28,"column":8},"end":{"line":31,"column":null}},"7":{"start":{"line":29,"column":12},"end":{"line":29,"column":null}},"8":{"start":{"line":30,"column":12},"end":{"line":30,"column":null}},"9":{"start":{"line":33,"column":8},"end":{"line":33,"column":null}},"10":{"start":{"line":40,"column":8},"end":{"line":43,"column":null}},"11":{"start":{"line":50,"column":8},"end":{"line":50,"column":null}},"12":{"start":{"line":57,"column":8},"end":{"line":57,"column":null}},"13":{"start":{"line":64,"column":8},"end":{"line":64,"column":null}},"14":{"start":{"line":69,"column":26},"end":{"line":69,"column":null}}},"fnMap":{"0":{"name":"(anonymous_0)","decl":{"start":{"line":15,"column":4},"end":{"line":15,"column":16}},"loc":{"start":{"line":15,"column":41},"end":{"line":18,"column":null}},"line":15},"1":{"name":"(anonymous_1)","decl":{"start":{"line":23,"column":4},"end":{"line":23,"column":11}},"loc":{"start":{"line":23,"column":34},"end":{"line":34,"column":null}},"line":23},"2":{"name":"(anonymous_2)","decl":{"start":{"line":39,"column":4},"end":{"line":39,"column":11}},"loc":{"start":{"line":39,"column":39},"end":{"line":44,"column":null}},"line":39},"3":{"name":"(anonymous_3)","decl":{"start":{"line":49,"column":4},"end":{"line":49,"column":18}},"loc":{"start":{"line":49,"column":18},"end":{"line":51,"column":null}},"line":49},"4":{"name":"(anonymous_4)","decl":{"start":{"line":56,"column":4},"end":{"line":56,"column":11}},"loc":{"start":{"line":56,"column":30},"end":{"line":58,"column":null}},"line":56},"5":{"name":"(anonymous_5)","decl":{"start":{"line":63,"column":4},"end":{"line":63,"column":19}},"loc":{"start":{"line":63,"column":19},"end":{"line":65,"column":null}},"line":63}},"branchMap":{"0":{"loc":{"start":{"line":15,"column":16},"end":{"line":15,"column":41}},"type":"default-arg","locations":[{"start":{"line":15,"column":37},"end":{"line":15,"column":41}}],"line":15},"1":{"loc":{"start":{"line":25,"column":8},"end":{"line":25,"column":null}},"type":"if","locations":[{"start":{"line":25,"column":8},"end":{"line":25,"column":null}},{"start":{},"end":{}}],"line":25},"2":{"loc":{"start":{"line":28,"column":8},"end":{"line":31,"column":null}},"type":"if","locations":[{"start":{"line":28,"column":8},"end":{"line":31,"column":null}},{"start":{},"end":{}}],"line":28}},"s":{"0":6,"1":6,"2":0,"3":0,"4":0,"5":0,"6":0,"7":0,"8":0,"9":0,"10":0,"11":0,"12":0,"13":0,"14":6},"f":{"0":6,"1":0,"2":0,"3":0,"4":0,"5":0},"b":{"0":[6],"1":[0,0],"2":[0,0]},"meta":{"lastBranch":3,"lastFunction":6,"lastStatement":15,"seen":{"f:15:4:15:16":0,"b:15:37:15:41":0,"s:16:8:16:Infinity":0,"s:17:8:17:Infinity":1,"f:23:4:23:11":1,"s:24:22:24:Infinity":2,"b:25:8:25:Infinity:undefined:undefined:undefined:undefined":1,"s:25:8:25:Infinity":3,"s:25:20:25:Infinity":4,"s:27:26:27:Infinity":5,"b:28:8:31:Infinity:undefined:undefined:undefined:undefined":2,"s:28:8:31:Infinity":6,"s:29:12:29:Infinity":7,"s:30:12:30:Infinity":8,"s:33:8:33:Infinity":9,"f:39:4:39:11":2,"s:40:8:43:Infinity":10,"f:49:4:49:18":3,"s:50:8:50:Infinity":11,"f:56:4:56:11":4,"s:57:8:57:Infinity":12,"f:63:4:63:19":5,"s:64:8:64:Infinity":13,"s:69:26:69:Infinity":14}}}
}
